/robassistant_2: negotiation completed. Configuration: {"goal": "accompany_to_room (User: B, Negotiating against: A)"}. Negotiation time: 0.274 seconds. Rounds: 9. Result: loser
/robassistant_1: negotiation completed. Configuration: {"goal": "accompany_to_room (User: A, Negotiating against: B)"}. Negotiation time: 0.329 seconds. Rounds: 9. Result: winner
/robassistant_1: negotiation completed. Configuration: {"goal": "accompany_to_room (User: A, Negotiating against: C)"}. Negotiation time: 0.520 seconds. Rounds: 11. Result: loser
/robassistant_2: negotiation completed. Configuration: {"goal": "accompany_to_room (User: C, Negotiating against: A)"}. Negotiation time: 0.458 seconds. Rounds: 11. Result: winner
/robassistant_1: negotiation completed. Configuration: {"goal": "accompany_to_room (User: A, Negotiating against: D)"}. Negotiation time: 0.555 seconds. Rounds: 13. Result: loser
/robassistant_2: negotiation completed. Configuration: {"goal": "accompany_to_room (User: D, Negotiating against: A)"}. Negotiation time: 0.490 seconds. Rounds: 13. Result: winner
/robassistant_1: negotiation completed. Configuration: {"goal": "accompany_to_room (User: A, Negotiating against: E)"}. Negotiation time: 0.322 seconds. Rounds: 12. Result: no-agreement
/robassistant_2: negotiation completed. Configuration: {"goal": "accompany_to_room (User: E, Negotiating against: A)"}. Negotiation time: 0.249 seconds. Rounds: 12. Result: no-agreement
/robassistant_1: negotiation completed. Configuration: {"goal": "accompany_to_room (User: A, Negotiating against: F)"}. Negotiation time: 0.355 seconds. Rounds: 9. Result: loser
/robassistant_2: negotiation completed. Configuration: {"goal": "accompany_to_room (User: F, Negotiating against: A)"}. Negotiation time: 0.299 seconds. Rounds: 9. Result: winner
/robassistant_1: negotiation completed. Configuration: {"goal": "accompany_to_room (User: A, Negotiating against: G)"}. Negotiation time: 0.349 seconds. Rounds: 12. Result: loser
/robassistant_2: negotiation completed. Configuration: {"goal": "accompany_to_room (User: G, Negotiating against: A)"}. Negotiation time: 0.283 seconds. Rounds: 12. Result: winner
/robassistant_2: negotiation completed. Configuration: {"goal": "accompany_to_room (User: H, Negotiating against: A)"}. Negotiation time: 0.349 seconds. Rounds: 12. Result: winner
/robassistant_1: negotiation completed. Configuration: {"goal": "accompany_to_room (User: A, Negotiating against: H)"}. Negotiation time: 0.415 seconds. Rounds: 12. Result: loser
/robassistant_1: negotiation completed. Configuration: {"goal": "accompany_to_room (User: A, Negotiating against: I)"}. Negotiation time: 0.409 seconds. Rounds: 9. Result: loser
/robassistant_2: negotiation completed. Configuration: {"goal": "accompany_to_room (User: I, Negotiating against: A)"}. Negotiation time: 0.367 seconds. Rounds: 9. Result: winner
/robassistant_1: negotiation completed. Configuration: {"goal": "accompany_to_room (User: A, Negotiating against: J)"}. Negotiation time: 0.419 seconds. Rounds: 12. Result: no-agreement
/robassistant_2: negotiation completed. Configuration: {"goal": "accompany_to_room (User: J, Negotiating against: A)"}. Negotiation time: 0.468 seconds. Rounds: 12. Result: no-agreement
/robassistant_2: negotiation completed. Configuration: {"goal": "accompany_to_room (User: A, Negotiating against: B)"}. Negotiation time: 0.361 seconds. Rounds: 10. Result: winner
/robassistant_1: negotiation completed. Configuration: {"goal": "accompany_to_room (User: B, Negotiating against: A)"}. Negotiation time: 0.415 seconds. Rounds: 10. Result: loser
/robassistant_2: negotiation completed. Configuration: {"goal": "accompany_to_room (User: C, Negotiating against: B)"}. Negotiation time: 0.398 seconds. Rounds: 8. Result: winner
/robassistant_1: negotiation completed. Configuration: {"goal": "accompany_to_room (User: B, Negotiating against: C)"}. Negotiation time: 0.399 seconds. Rounds: 8. Result: loser
/robassistant_1: negotiation completed. Configuration: {"goal": "accompany_to_room (User: B, Negotiating against: D)"}. Negotiation time: 0.425 seconds. Rounds: 12. Result: loser
/robassistant_2: negotiation completed. Configuration: {"goal": "accompany_to_room (User: D, Negotiating against: B)"}. Negotiation time: 0.387 seconds. Rounds: 12. Result: winner
/robassistant_2: negotiation completed. Configuration: {"goal": "accompany_to_room (User: E, Negotiating against: B)"}. Negotiation time: 0.367 seconds. Rounds: 11. Result: no-agreement
/robassistant_1: negotiation completed. Configuration: {"goal": "accompany_to_room (User: B, Negotiating against: E)"}. Negotiation time: 0.425 seconds. Rounds: 11. Result: no-agreement
/robassistant_1: negotiation completed. Configuration: {"goal": "accompany_to_room (User: B, Negotiating against: F)"}. Negotiation time: 0.654 seconds. Rounds: 9. Result: loser
/robassistant_2: negotiation completed. Configuration: {"goal": "accompany_to_room (User: F, Negotiating against: B)"}. Negotiation time: 0.568 seconds. Rounds: 9. Result: winner
/robassistant_2: negotiation completed. Configuration: {"goal": "accompany_to_room (User: G, Negotiating against: B)"}. Negotiation time: 0.233 seconds. Rounds: 10. Result: winner
/robassistant_1: negotiation completed. Configuration: {"goal": "accompany_to_room (User: B, Negotiating against: G)"}. Negotiation time: 0.252 seconds. Rounds: 10. Result: loser
/robassistant_1: negotiation completed. Configuration: {"goal": "accompany_to_room (User: B, Negotiating against: H)"}. Negotiation time: 0.423 seconds. Rounds: 10. Result: loser
/robassistant_2: negotiation completed. Configuration: {"goal": "accompany_to_room (User: H, Negotiating against: B)"}. Negotiation time: 0.376 seconds. Rounds: 10. Result: winner
/robassistant_1: negotiation completed. Configuration: {"goal": "accompany_to_room (User: B, Negotiating against: I)"}. Negotiation time: 0.325 seconds. Rounds: 7. Result: loser
/robassistant_2: negotiation completed. Configuration: {"goal": "accompany_to_room (User: I, Negotiating against: B)"}. Negotiation time: 0.286 seconds. Rounds: 7. Result: winner
/robassistant_2: negotiation completed. Configuration: {"goal": "accompany_to_room (User: J, Negotiating against: B)"}. Negotiation time: 0.391 seconds. Rounds: 11. Result: no-agreement
/robassistant_1: negotiation completed. Configuration: {"goal": "accompany_to_room (User: B, Negotiating against: J)"}. Negotiation time: 0.457 seconds. Rounds: 11. Result: no-agreement
/robassistant_1: negotiation completed. Configuration: {"goal": "accompany_to_room (User: C, Negotiating against: A)"}. Negotiation time: 0.329 seconds. Rounds: 11. Result: winner
/robassistant_2: negotiation completed. Configuration: {"goal": "accompany_to_room (User: A, Negotiating against: C)"}. Negotiation time: 0.267 seconds. Rounds: 11. Result: loser
/robassistant_2: negotiation completed. Configuration: {"goal": "accompany_to_room (User: B, Negotiating against: C)"}. Negotiation time: 0.196 seconds. Rounds: 7. Result: loser
/robassistant_1: negotiation completed. Configuration: {"goal": "accompany_to_room (User: C, Negotiating against: B)"}. Negotiation time: 0.255 seconds. Rounds: 7. Result: winner
/robassistant_2: negotiation completed. Configuration: {"goal": "accompany_to_room (User: D, Negotiating against: C)"}. Negotiation time: 0.502 seconds. Rounds: 16. Result: no-agreement
/robassistant_1: negotiation completed. Configuration: {"goal": "accompany_to_room (User: C, Negotiating against: D)"}. Negotiation time: 0.562 seconds. Rounds: 16. Result: no-agreement
/robassistant_2: negotiation completed. Configuration: {"goal": "accompany_to_room (User: E, Negotiating against: C)"}. Negotiation time: 0.182 seconds. Rounds: 9. Result: loser
/robassistant_1: negotiation completed. Configuration: {"goal": "accompany_to_room (User: C, Negotiating against: E)"}. Negotiation time: 0.237 seconds. Rounds: 9. Result: winner
/robassistant_2: negotiation completed. Configuration: {"goal": "accompany_to_room (User: F, Negotiating against: C)"}. Negotiation time: 0.562 seconds. Rounds: 13. Result: no-agreement
/robassistant_1: negotiation completed. Configuration: {"goal": "accompany_to_room (User: C, Negotiating against: F)"}. Negotiation time: 0.654 seconds. Rounds: 13. Result: no-agreement
/robassistant_1: negotiation completed. Configuration: {"goal": "accompany_to_room (User: C, Negotiating against: G)"}. Negotiation time: 0.452 seconds. Rounds: 14. Result: no-agreement
/robassistant_2: negotiation completed. Configuration: {"goal": "accompany_to_room (User: G, Negotiating against: C)"}. Negotiation time: 0.381 seconds. Rounds: 14. Result: no-agreement
/robassistant_2: negotiation completed. Configuration: {"goal": "accompany_to_room (User: H, Negotiating against: C)"}. Negotiation time: 0.328 seconds. Rounds: 13. Result: winner
/robassistant_1: negotiation completed. Configuration: {"goal": "accompany_to_room (User: C, Negotiating against: H)"}. Negotiation time: 0.367 seconds. Rounds: 13. Result: loser
/robassistant_2: negotiation completed. Configuration: {"goal": "accompany_to_room (User: I, Negotiating against: C)"}. Negotiation time: 0.343 seconds. Rounds: 11. Result: loser
/robassistant_1: negotiation completed. Configuration: {"goal": "accompany_to_room (User: C, Negotiating against: I)"}. Negotiation time: 0.395 seconds. Rounds: 11. Result: winner
/robassistant_2: negotiation completed. Configuration: {"goal": "accompany_to_room (User: J, Negotiating against: C)"}. Negotiation time: 0.174 seconds. Rounds: 11. Result: loser
/robassistant_1: negotiation completed. Configuration: {"goal": "accompany_to_room (User: C, Negotiating against: J)"}. Negotiation time: 0.231 seconds. Rounds: 11. Result: winner
/robassistant_2: negotiation completed. Configuration: {"goal": "accompany_to_room (User: A, Negotiating against: D)"}. Negotiation time: 0.399 seconds. Rounds: 13. Result: loser
/robassistant_1: negotiation completed. Configuration: {"goal": "accompany_to_room (User: D, Negotiating against: A)"}. Negotiation time: 0.483 seconds. Rounds: 13. Result: winner
/robassistant_2: negotiation completed. Configuration: {"goal": "accompany_to_room (User: B, Negotiating against: D)"}. Negotiation time: 0.511 seconds. Rounds: 11. Result: loser
/robassistant_1: negotiation completed. Configuration: {"goal": "accompany_to_room (User: D, Negotiating against: B)"}. Negotiation time: 0.596 seconds. Rounds: 11. Result: winner
/robassistant_2: negotiation completed. Configuration: {"goal": "accompany_to_room (User: C, Negotiating against: D)"}. Negotiation time: 0.256 seconds. Rounds: 16. Result: no-agreement
/robassistant_1: negotiation completed. Configuration: {"goal": "accompany_to_room (User: D, Negotiating against: C)"}. Negotiation time: 0.308 seconds. Rounds: 16. Result: no-agreement
/robassistant_2: negotiation completed. Configuration: {"goal": "accompany_to_room (User: E, Negotiating against: D)"}. Negotiation time: 0.301 seconds. Rounds: 11. Result: loser
/robassistant_1: negotiation completed. Configuration: {"goal": "accompany_to_room (User: D, Negotiating against: E)"}. Negotiation time: 0.360 seconds. Rounds: 11. Result: winner
/robassistant_1: negotiation completed. Configuration: {"goal": "accompany_to_room (User: D, Negotiating against: F)"}. Negotiation time: 0.306 seconds. Rounds: 14. Result: winner
/robassistant_2: negotiation completed. Configuration: {"goal": "accompany_to_room (User: F, Negotiating against: D)"}. Negotiation time: 0.301 seconds. Rounds: 14. Result: loser
/robassistant_2: negotiation completed. Configuration: {"goal": "accompany_to_room (User: G, Negotiating against: D)"}. Negotiation time: 0.418 seconds. Rounds: 13. Result: loser
/robassistant_1: negotiation completed. Configuration: {"goal": "accompany_to_room (User: D, Negotiating against: G)"}. Negotiation time: 0.469 seconds. Rounds: 13. Result: winner
/robassistant_1: negotiation completed. Configuration: {"goal": "accompany_to_room (User: D, Negotiating against: H)"}. Negotiation time: 0.705 seconds. Rounds: 14. Result: loser
/robassistant_2: negotiation completed. Configuration: {"goal": "accompany_to_room (User: H, Negotiating against: D)"}. Negotiation time: 0.649 seconds. Rounds: 14. Result: winner
/robassistant_2: negotiation completed. Configuration: {"goal": "accompany_to_room (User: I, Negotiating against: D)"}. Negotiation time: 0.341 seconds. Rounds: 11. Result: loser
/robassistant_1: negotiation completed. Configuration: {"goal": "accompany_to_room (User: D, Negotiating against: I)"}. Negotiation time: 0.395 seconds. Rounds: 11. Result: winner
/robassistant_2: negotiation completed. Configuration: {"goal": "accompany_to_room (User: J, Negotiating against: D)"}. Negotiation time: 0.723 seconds. Rounds: 13. Result: loser
/robassistant_1: negotiation completed. Configuration: {"goal": "accompany_to_room (User: D, Negotiating against: J)"}. Negotiation time: 0.791 seconds. Rounds: 13. Result: winner
/robassistant_2: negotiation completed. Configuration: {"goal": "accompany_to_room (User: A, Negotiating against: E)"}. Negotiation time: 0.271 seconds. Rounds: 12. Result: no-agreement
/robassistant_1: negotiation completed. Configuration: {"goal": "accompany_to_room (User: E, Negotiating against: A)"}. Negotiation time: 0.266 seconds. Rounds: 12. Result: no-agreement
/robassistant_2: negotiation completed. Configuration: {"goal": "accompany_to_room (User: B, Negotiating against: E)"}. Negotiation time: 0.260 seconds. Rounds: 11. Result: no-agreement
/robassistant_1: negotiation completed. Configuration: {"goal": "accompany_to_room (User: E, Negotiating against: B)"}. Negotiation time: 0.308 seconds. Rounds: 11. Result: no-agreement
/robassistant_2: negotiation completed. Configuration: {"goal": "accompany_to_room (User: C, Negotiating against: E)"}. Negotiation time: 0.182 seconds. Rounds: 9. Result: winner
/robassistant_1: negotiation completed. Configuration: {"goal": "accompany_to_room (User: E, Negotiating against: C)"}. Negotiation time: 0.222 seconds. Rounds: 9. Result: loser
/robassistant_1: negotiation completed. Configuration: {"goal": "accompany_to_room (User: E, Negotiating against: D)"}. Negotiation time: 0.439 seconds. Rounds: 12. Result: loser
/robassistant_2: negotiation completed. Configuration: {"goal": "accompany_to_room (User: D, Negotiating against: E)"}. Negotiation time: 0.388 seconds. Rounds: 12. Result: winner
/robassistant_1: negotiation completed. Configuration: {"goal": "accompany_to_room (User: E, Negotiating against: F)"}. Negotiation time: 0.404 seconds. Rounds: 12. Result: no-agreement
/robassistant_2: negotiation completed. Configuration: {"goal": "accompany_to_room (User: F, Negotiating against: E)"}. Negotiation time: 0.382 seconds. Rounds: 12. Result: no-agreement
/robassistant_1: negotiation completed. Configuration: {"goal": "accompany_to_room (User: E, Negotiating against: G)"}. Negotiation time: 0.481 seconds. Rounds: 12. Result: loser
/robassistant_2: negotiation completed. Configuration: {"goal": "accompany_to_room (User: G, Negotiating against: E)"}. Negotiation time: 0.418 seconds. Rounds: 12. Result: winner
/robassistant_1: negotiation completed. Configuration: {"goal": "accompany_to_room (User: E, Negotiating against: H)"}. Negotiation time: 0.430 seconds. Rounds: 9. Result: loser
/robassistant_2: negotiation completed. Configuration: {"goal": "accompany_to_room (User: H, Negotiating against: E)"}. Negotiation time: 0.366 seconds. Rounds: 9. Result: winner
/robassistant_2: negotiation completed. Configuration: {"goal": "accompany_to_room (User: I, Negotiating against: E)"}. Negotiation time: 0.401 seconds. Rounds: 12. Result: no-agreement
/robassistant_1: negotiation completed. Configuration: {"goal": "accompany_to_room (User: E, Negotiating against: I)"}. Negotiation time: 0.487 seconds. Rounds: 12. Result: no-agreement
/robassistant_1: negotiation completed. Configuration: {"goal": "accompany_to_room (User: E, Negotiating against: J)"}. Negotiation time: 0.467 seconds. Rounds: 12. Result: no-agreement
/robassistant_2: negotiation completed. Configuration: {"goal": "accompany_to_room (User: J, Negotiating against: E)"}. Negotiation time: 0.401 seconds. Rounds: 12. Result: no-agreement
/robassistant_1: negotiation completed. Configuration: {"goal": "accompany_to_room (User: F, Negotiating against: A)"}. Negotiation time: 0.356 seconds. Rounds: 10. Result: winner
/robassistant_2: negotiation completed. Configuration: {"goal": "accompany_to_room (User: A, Negotiating against: F)"}. Negotiation time: 0.299 seconds. Rounds: 10. Result: loser
/robassistant_2: negotiation completed. Configuration: {"goal": "accompany_to_room (User: B, Negotiating against: F)"}. Negotiation time: 0.224 seconds. Rounds: 9. Result: loser
/robassistant_1: negotiation completed. Configuration: {"goal": "accompany_to_room (User: F, Negotiating against: B)"}. Negotiation time: 0.296 seconds. Rounds: 9. Result: winner
/robassistant_2: negotiation completed. Configuration: {"goal": "accompany_to_room (User: C, Negotiating against: F)"}. Negotiation time: 0.278 seconds. Rounds: 14. Result: no-agreement
/robassistant_1: negotiation completed. Configuration: {"goal": "accompany_to_room (User: F, Negotiating against: C)"}. Negotiation time: 0.397 seconds. Rounds: 14. Result: no-agreement
/robassistant_1: negotiation completed. Configuration: {"goal": "accompany_to_room (User: F, Negotiating against: D)"}. Negotiation time: 0.442 seconds. Rounds: 13. Result: loser
/robassistant_2: negotiation completed. Configuration: {"goal": "accompany_to_room (User: D, Negotiating against: F)"}. Negotiation time: 0.407 seconds. Rounds: 13. Result: winner
/robassistant_1: negotiation completed. Configuration: {"goal": "accompany_to_room (User: F, Negotiating against: E)"}. Negotiation time: 0.402 seconds. Rounds: 12. Result: no-agreement
/robassistant_2: negotiation completed. Configuration: {"goal": "accompany_to_room (User: E, Negotiating against: F)"}. Negotiation time: 0.349 seconds. Rounds: 12. Result: no-agreement
/robassistant_2: negotiation completed. Configuration: {"goal": "accompany_to_room (User: G, Negotiating against: F)"}. Negotiation time: 0.264 seconds. Rounds: 10. Result: loser
/robassistant_1: negotiation completed. Configuration: {"goal": "accompany_to_room (User: F, Negotiating against: G)"}. Negotiation time: 0.363 seconds. Rounds: 10. Result: winner
/robassistant_1: negotiation completed. Configuration: {"goal": "accompany_to_room (User: F, Negotiating against: H)"}. Negotiation time: 0.393 seconds. Rounds: 12. Result: loser
/robassistant_2: negotiation completed. Configuration: {"goal": "accompany_to_room (User: H, Negotiating against: F)"}. Negotiation time: 0.325 seconds. Rounds: 12. Result: winner
/robassistant_2: negotiation completed. Configuration: {"goal": "accompany_to_room (User: I, Negotiating against: F)"}. Negotiation time: 0.490 seconds. Rounds: 12. Result: no-agreement
/robassistant_1: negotiation completed. Configuration: {"goal": "accompany_to_room (User: F, Negotiating against: I)"}. Negotiation time: 0.631 seconds. Rounds: 12. Result: no-agreement
/robassistant_1: negotiation completed. Configuration: {"goal": "accompany_to_room (User: F, Negotiating against: J)"}. Negotiation time: 0.308 seconds. Rounds: 12. Result: no-agreement
/robassistant_2: negotiation completed. Configuration: {"goal": "accompany_to_room (User: J, Negotiating against: F)"}. Negotiation time: 0.245 seconds. Rounds: 12. Result: no-agreement
/robassistant_1: negotiation completed. Configuration: {"goal": "accompany_to_room (User: G, Negotiating against: A)"}. Negotiation time: 0.528 seconds. Rounds: 12. Result: winner
/robassistant_2: negotiation completed. Configuration: {"goal": "accompany_to_room (User: A, Negotiating against: G)"}. Negotiation time: 0.446 seconds. Rounds: 12. Result: loser
/robassistant_2: negotiation completed. Configuration: {"goal": "accompany_to_room (User: B, Negotiating against: G)"}. Negotiation time: 0.347 seconds. Rounds: 9. Result: loser
/robassistant_1: negotiation completed. Configuration: {"goal": "accompany_to_room (User: G, Negotiating against: B)"}. Negotiation time: 0.420 seconds. Rounds: 9. Result: winner
/robassistant_1: negotiation completed. Configuration: {"goal": "accompany_to_room (User: G, Negotiating against: C)"}. Negotiation time: 0.526 seconds. Rounds: 14. Result: no-agreement
/robassistant_2: negotiation completed. Configuration: {"goal": "accompany_to_room (User: C, Negotiating against: G)"}. Negotiation time: 0.441 seconds. Rounds: 14. Result: no-agreement
/robassistant_1: negotiation completed. Configuration: {"goal": "accompany_to_room (User: G, Negotiating against: D)"}. Negotiation time: 0.428 seconds. Rounds: 13. Result: loser
/robassistant_2: negotiation completed. Configuration: {"goal": "accompany_to_room (User: D, Negotiating against: G)"}. Negotiation time: 0.375 seconds. Rounds: 13. Result: winner
/robassistant_2: negotiation completed. Configuration: {"goal": "accompany_to_room (User: E, Negotiating against: G)"}. Negotiation time: 0.378 seconds. Rounds: 11. Result: loser
/robassistant_1: negotiation completed. Configuration: {"goal": "accompany_to_room (User: G, Negotiating against: E)"}. Negotiation time: 0.443 seconds. Rounds: 11. Result: winner
/robassistant_1: negotiation completed. Configuration: {"goal": "accompany_to_room (User: G, Negotiating against: F)"}. Negotiation time: 0.400 seconds. Rounds: 10. Result: loser
/robassistant_2: negotiation completed. Configuration: {"goal": "accompany_to_room (User: F, Negotiating against: G)"}. Negotiation time: 0.324 seconds. Rounds: 10. Result: winner
/robassistant_2: negotiation completed. Configuration: {"goal": "accompany_to_room (User: H, Negotiating against: G)"}. Negotiation time: 0.277 seconds. Rounds: 11. Result: winner
/robassistant_1: negotiation completed. Configuration: {"goal": "accompany_to_room (User: G, Negotiating against: H)"}. Negotiation time: 0.352 seconds. Rounds: 11. Result: loser
/robassistant_2: negotiation completed. Configuration: {"goal": "accompany_to_room (User: I, Negotiating against: G)"}. Negotiation time: 0.316 seconds. Rounds: 11. Result: loser
/robassistant_1: negotiation completed. Configuration: {"goal": "accompany_to_room (User: G, Negotiating against: I)"}. Negotiation time: 0.371 seconds. Rounds: 11. Result: winner
/robassistant_2: negotiation completed. Configuration: {"goal": "accompany_to_room (User: J, Negotiating against: G)"}. Negotiation time: 0.333 seconds. Rounds: 11. Result: loser
/robassistant_1: negotiation completed. Configuration: {"goal": "accompany_to_room (User: G, Negotiating against: J)"}. Negotiation time: 0.408 seconds. Rounds: 11. Result: winner
/robassistant_2: negotiation completed. Configuration: {"goal": "accompany_to_room (User: A, Negotiating against: H)"}. Negotiation time: 0.392 seconds. Rounds: 11. Result: loser
/robassistant_1: negotiation completed. Configuration: {"goal": "accompany_to_room (User: H, Negotiating against: A)"}. Negotiation time: 0.556 seconds. Rounds: 11. Result: winner
/robassistant_1: negotiation completed. Configuration: {"goal": "accompany_to_room (User: H, Negotiating against: B)"}. Negotiation time: 0.360 seconds. Rounds: 10. Result: winner
/robassistant_2: negotiation completed. Configuration: {"goal": "accompany_to_room (User: B, Negotiating against: H)"}. Negotiation time: 0.296 seconds. Rounds: 10. Result: loser
/robassistant_2: negotiation completed. Configuration: {"goal": "accompany_to_room (User: C, Negotiating against: H)"}. Negotiation time: 0.449 seconds. Rounds: 14. Result: loser
/robassistant_1: negotiation completed. Configuration: {"goal": "accompany_to_room (User: H, Negotiating against: C)"}. Negotiation time: 0.513 seconds. Rounds: 14. Result: winner
/robassistant_1: negotiation completed. Configuration: {"goal": "accompany_to_room (User: H, Negotiating against: D)"}. Negotiation time: 0.482 seconds. Rounds: 14. Result: winner
/robassistant_2: negotiation completed. Configuration: {"goal": "accompany_to_room (User: D, Negotiating against: H)"}. Negotiation time: 0.446 seconds. Rounds: 14. Result: loser
/robassistant_2: negotiation completed. Configuration: {"goal": "accompany_to_room (User: E, Negotiating against: H)"}. Negotiation time: 0.287 seconds. Rounds: 9. Result: loser
/robassistant_1: negotiation completed. Configuration: {"goal": "accompany_to_room (User: H, Negotiating against: E)"}. Negotiation time: 0.377 seconds. Rounds: 9. Result: winner
/robassistant_1: negotiation completed. Configuration: {"goal": "accompany_to_room (User: H, Negotiating against: F)"}. Negotiation time: 0.274 seconds. Rounds: 11. Result: winner
/robassistant_2: negotiation completed. Configuration: {"goal": "accompany_to_room (User: F, Negotiating against: H)"}. Negotiation time: 0.203 seconds. Rounds: 11. Result: loser
/robassistant_2: negotiation completed. Configuration: {"goal": "accompany_to_room (User: G, Negotiating against: H)"}. Negotiation time: 0.290 seconds. Rounds: 12. Result: loser
/robassistant_1: negotiation completed. Configuration: {"goal": "accompany_to_room (User: H, Negotiating against: G)"}. Negotiation time: 0.345 seconds. Rounds: 12. Result: winner
/robassistant_2: negotiation completed. Configuration: {"goal": "accompany_to_room (User: I, Negotiating against: H)"}. Negotiation time: 0.238 seconds. Rounds: 10. Result: loser
/robassistant_1: negotiation completed. Configuration: {"goal": "accompany_to_room (User: H, Negotiating against: I)"}. Negotiation time: 0.363 seconds. Rounds: 10. Result: winner
/robassistant_2: negotiation completed. Configuration: {"goal": "accompany_to_room (User: J, Negotiating against: H)"}. Negotiation time: 0.453 seconds. Rounds: 12. Result: loser
/robassistant_1: negotiation completed. Configuration: {"goal": "accompany_to_room (User: H, Negotiating against: J)"}. Negotiation time: 0.576 seconds. Rounds: 12. Result: winner
/robassistant_1: negotiation completed. Configuration: {"goal": "accompany_to_room (User: I, Negotiating against: A)"}. Negotiation time: 0.472 seconds. Rounds: 9. Result: winner
/robassistant_2: negotiation completed. Configuration: {"goal": "accompany_to_room (User: A, Negotiating against: I)"}. Negotiation time: 0.415 seconds. Rounds: 9. Result: loser
/robassistant_1: negotiation completed. Configuration: {"goal": "accompany_to_room (User: I, Negotiating against: B)"}. Negotiation time: 0.381 seconds. Rounds: 8. Result: winner
/robassistant_2: negotiation completed. Configuration: {"goal": "accompany_to_room (User: B, Negotiating against: I)"}. Negotiation time: 0.249 seconds. Rounds: 8. Result: loser
/robassistant_2: negotiation completed. Configuration: {"goal": "accompany_to_room (User: C, Negotiating against: I)"}. Negotiation time: 0.351 seconds. Rounds: 11. Result: winner
/robassistant_1: negotiation completed. Configuration: {"goal": "accompany_to_room (User: I, Negotiating against: C)"}. Negotiation time: 0.441 seconds. Rounds: 11. Result: loser
/robassistant_2: negotiation completed. Configuration: {"goal": "accompany_to_room (User: D, Negotiating against: I)"}. Negotiation time: 0.245 seconds. Rounds: 11. Result: winner
/robassistant_1: negotiation completed. Configuration: {"goal": "accompany_to_room (User: I, Negotiating against: D)"}. Negotiation time: 0.288 seconds. Rounds: 11. Result: loser
/robassistant_2: negotiation completed. Configuration: {"goal": "accompany_to_room (User: E, Negotiating against: I)"}. Negotiation time: 0.432 seconds. Rounds: 12. Result: no-agreement
/robassistant_1: negotiation completed. Configuration: {"goal": "accompany_to_room (User: I, Negotiating against: E)"}. Negotiation time: 0.489 seconds. Rounds: 12. Result: no-agreement
/robassistant_2: negotiation completed. Configuration: {"goal": "accompany_to_room (User: F, Negotiating against: I)"}. Negotiation time: 0.394 seconds. Rounds: 12. Result: no-agreement
/robassistant_1: negotiation completed. Configuration: {"goal": "accompany_to_room (User: I, Negotiating against: F)"}. Negotiation time: 0.472 seconds. Rounds: 12. Result: no-agreement
/robassistant_1: negotiation completed. Configuration: {"goal": "accompany_to_room (User: I, Negotiating against: G)"}. Negotiation time: 0.441 seconds. Rounds: 12. Result: loser
/robassistant_2: negotiation completed. Configuration: {"goal": "accompany_to_room (User: G, Negotiating against: I)"}. Negotiation time: 0.402 seconds. Rounds: 12. Result: winner
/robassistant_1: negotiation completed. Configuration: {"goal": "accompany_to_room (User: I, Negotiating against: H)"}. Negotiation time: 0.269 seconds. Rounds: 9. Result: loser
/robassistant_2: negotiation completed. Configuration: {"goal": "accompany_to_room (User: H, Negotiating against: I)"}. Negotiation time: 0.232 seconds. Rounds: 9. Result: winner
/robassistant_2: negotiation completed. Configuration: {"goal": "accompany_to_room (User: J, Negotiating against: I)"}. Negotiation time: 0.504 seconds. Rounds: 9. Result: loser
/robassistant_1: negotiation completed. Configuration: {"goal": "accompany_to_room (User: I, Negotiating against: J)"}. Negotiation time: 0.546 seconds. Rounds: 9. Result: winner
/robassistant_2: negotiation completed. Configuration: {"goal": "accompany_to_room (User: A, Negotiating against: J)"}. Negotiation time: 0.416 seconds. Rounds: 12. Result: no-agreement
/robassistant_1: negotiation completed. Configuration: {"goal": "accompany_to_room (User: J, Negotiating against: A)"}. Negotiation time: 0.500 seconds. Rounds: 12. Result: no-agreement
/robassistant_1: negotiation completed. Configuration: {"goal": "accompany_to_room (User: J, Negotiating against: B)"}. Negotiation time: 0.350 seconds. Rounds: 12. Result: no-agreement
/robassistant_2: negotiation completed. Configuration: {"goal": "accompany_to_room (User: B, Negotiating against: J)"}. Negotiation time: 0.304 seconds. Rounds: 12. Result: no-agreement
/robassistant_1: negotiation completed. Configuration: {"goal": "accompany_to_room (User: J, Negotiating against: C)"}. Negotiation time: 0.340 seconds. Rounds: 12. Result: loser
/robassistant_2: negotiation completed. Configuration: {"goal": "accompany_to_room (User: C, Negotiating against: J)"}. Negotiation time: 0.239 seconds. Rounds: 12. Result: winner
/robassistant_1: negotiation completed. Configuration: {"goal": "accompany_to_room (User: J, Negotiating against: D)"}. Negotiation time: 0.536 seconds. Rounds: 13. Result: loser
/robassistant_2: negotiation completed. Configuration: {"goal": "accompany_to_room (User: D, Negotiating against: J)"}. Negotiation time: 0.366 seconds. Rounds: 13. Result: winner
/robassistant_1: negotiation completed. Configuration: {"goal": "accompany_to_room (User: J, Negotiating against: E)"}. Negotiation time: 0.419 seconds. Rounds: 12. Result: no-agreement
/robassistant_2: negotiation completed. Configuration: {"goal": "accompany_to_room (User: E, Negotiating against: J)"}. Negotiation time: 0.327 seconds. Rounds: 12. Result: no-agreement
/robassistant_2: negotiation completed. Configuration: {"goal": "accompany_to_room (User: F, Negotiating against: J)"}. Negotiation time: 0.227 seconds. Rounds: 12. Result: no-agreement
/robassistant_1: negotiation completed. Configuration: {"goal": "accompany_to_room (User: J, Negotiating against: F)"}. Negotiation time: 0.291 seconds. Rounds: 12. Result: no-agreement
/robassistant_1: negotiation completed. Configuration: {"goal": "accompany_to_room (User: J, Negotiating against: G)"}. Negotiation time: 0.314 seconds. Rounds: 12. Result: loser
/robassistant_2: negotiation completed. Configuration: {"goal": "accompany_to_room (User: G, Negotiating against: J)"}. Negotiation time: 0.314 seconds. Rounds: 12. Result: winner
/robassistant_1: negotiation completed. Configuration: {"goal": "accompany_to_room (User: J, Negotiating against: H)"}. Negotiation time: 0.455 seconds. Rounds: 11. Result: loser
/robassistant_2: negotiation completed. Configuration: {"goal": "accompany_to_room (User: H, Negotiating against: J)"}. Negotiation time: 0.388 seconds. Rounds: 11. Result: winner
/robassistant_2: negotiation completed. Configuration: {"goal": "accompany_to_room (User: I, Negotiating against: J)"}. Negotiation time: 0.308 seconds. Rounds: 9. Result: winner
/robassistant_1: negotiation completed. Configuration: {"goal": "accompany_to_room (User: J, Negotiating against: I)"}. Negotiation time: 0.347 seconds. Rounds: 9. Result: loser