/robassistant_1: negotiation completed. Configuration: {"goal": "navigate_to_gate (User: A, Negotiating against: B)"}. Negotiation time: 0.661 seconds. Rounds: 10. Result: no-agreement
/robassistant_1: negotiation completed. Configuration: {"goal": "navigate_to_gate (User: A, Negotiating against: C)"}. Negotiation time: 1.069 seconds. Rounds: 13. Result: no-agreement
/robassistant_1: negotiation completed. Configuration: {"goal": "navigate_to_gate (User: A, Negotiating against: D)"}. Negotiation time: 0.949 seconds. Rounds: 15. Result: loser
/robassistant_1: negotiation completed. Configuration: {"goal": "navigate_to_gate (User: A, Negotiating against: E)"}. Negotiation time: 0.758 seconds. Rounds: 15. Result: loser
/robassistant_1: negotiation completed. Configuration: {"goal": "navigate_to_gate (User: A, Negotiating against: F)"}. Negotiation time: 0.585 seconds. Rounds: 9. Result: loser
/robassistant_1: negotiation completed. Configuration: {"goal": "navigate_to_gate (User: A, Negotiating against: G)"}. Negotiation time: 0.662 seconds. Rounds: 10. Result: loser
/robassistant_1: negotiation completed. Configuration: {"goal": "navigate_to_gate (User: A, Negotiating against: H)"}. Negotiation time: 0.583 seconds. Rounds: 7. Result: loser
/robassistant_1: negotiation completed. Configuration: {"goal": "navigate_to_gate (User: A, Negotiating against: I)"}. Negotiation time: 0.611 seconds. Rounds: 10. Result: no-agreement
/robassistant_1: negotiation completed. Configuration: {"goal": "navigate_to_gate (User: A, Negotiating against: J)"}. Negotiation time: 0.717 seconds. Rounds: 12. Result: no-agreement
/robassistant_1: negotiation completed. Configuration: {"goal": "navigate_to_gate (User: B, Negotiating against: A)"}. Negotiation time: 0.632 seconds. Rounds: 10. Result: no-agreement
/robassistant_1: negotiation completed. Configuration: {"goal": "navigate_to_gate (User: B, Negotiating against: C)"}. Negotiation time: 0.564 seconds. Rounds: 12. Result: loser
/robassistant_1: negotiation completed. Configuration: {"goal": "navigate_to_gate (User: B, Negotiating against: D)"}. Negotiation time: 0.952 seconds. Rounds: 15. Result: loser
/robassistant_1: negotiation completed. Configuration: {"goal": "navigate_to_gate (User: B, Negotiating against: E)"}. Negotiation time: 0.835 seconds. Rounds: 15. Result: loser
/robassistant_1: negotiation completed. Configuration: {"goal": "navigate_to_gate (User: B, Negotiating against: F)"}. Negotiation time: 0.671 seconds. Rounds: 12. Result: no-agreement
/robassistant_1: negotiation completed. Configuration: {"goal": "navigate_to_gate (User: B, Negotiating against: G)"}. Negotiation time: 0.626 seconds. Rounds: 11. Result: loser
/robassistant_1: negotiation completed. Configuration: {"goal": "navigate_to_gate (User: B, Negotiating against: H)"}. Negotiation time: 0.507 seconds. Rounds: 9. Result: loser
/robassistant_1: negotiation completed. Configuration: {"goal": "navigate_to_gate (User: B, Negotiating against: I)"}. Negotiation time: 0.654 seconds. Rounds: 10. Result: no-agreement
/robassistant_1: negotiation completed. Configuration: {"goal": "navigate_to_gate (User: B, Negotiating against: J)"}. Negotiation time: 0.526 seconds. Rounds: 9. Result: loser
/robassistant_1: negotiation completed. Configuration: {"goal": "navigate_to_gate (User: C, Negotiating against: A)"}. Negotiation time: 0.587 seconds. Rounds: 13. Result: no-agreement
/robassistant_1: negotiation completed. Configuration: {"goal": "navigate_to_gate (User: C, Negotiating against: B)"}. Negotiation time: 0.708 seconds. Rounds: 12. Result: winner
/robassistant_1: negotiation completed. Configuration: {"goal": "navigate_to_gate (User: C, Negotiating against: D)"}. Negotiation time: 0.790 seconds. Rounds: 15. Result: loser
/robassistant_1: negotiation completed. Configuration: {"goal": "navigate_to_gate (User: C, Negotiating against: E)"}. Negotiation time: 0.845 seconds. Rounds: 15. Result: loser
/robassistant_1: negotiation completed. Configuration: {"goal": "navigate_to_gate (User: C, Negotiating against: F)"}. Negotiation time: 0.705 seconds. Rounds: 14. Result: no-agreement
/robassistant_1: negotiation completed. Configuration: {"goal": "navigate_to_gate (User: C, Negotiating against: G)"}. Negotiation time: 0.665 seconds. Rounds: 14. Result: loser
/robassistant_1: negotiation completed. Configuration: {"goal": "navigate_to_gate (User: C, Negotiating against: H)"}. Negotiation time: 0.750 seconds. Rounds: 13. Result: loser
/robassistant_1: negotiation completed. Configuration: {"goal": "navigate_to_gate (User: C, Negotiating against: I)"}. Negotiation time: 0.704 seconds. Rounds: 11. Result: winner
/robassistant_1: negotiation completed. Configuration: {"goal": "navigate_to_gate (User: C, Negotiating against: J)"}. Negotiation time: 0.847 seconds. Rounds: 14. Result: no-agreement
/robassistant_1: negotiation completed. Configuration: {"goal": "navigate_to_gate (User: D, Negotiating against: A)"}. Negotiation time: 0.763 seconds. Rounds: 16. Result: winner
/robassistant_1: negotiation completed. Configuration: {"goal": "navigate_to_gate (User: D, Negotiating against: B)"}. Negotiation time: 0.744 seconds. Rounds: 15. Result: winner
/robassistant_1: negotiation completed. Configuration: {"goal": "navigate_to_gate (User: D, Negotiating against: C)"}. Negotiation time: 0.807 seconds. Rounds: 15. Result: winner
/robassistant_1: negotiation completed. Configuration: {"goal": "navigate_to_gate (User: D, Negotiating against: E)"}. Negotiation time: 0.880 seconds. Rounds: 18. Result: no-agreement
/robassistant_1: negotiation completed. Configuration: {"goal": "navigate_to_gate (User: D, Negotiating against: F)"}. Negotiation time: 0.738 seconds. Rounds: 15. Result: winner
/robassistant_1: negotiation completed. Configuration: {"goal": "navigate_to_gate (User: D, Negotiating against: G)"}. Negotiation time: 0.947 seconds. Rounds: 15. Result: winner
/robassistant_1: negotiation completed. Configuration: {"goal": "navigate_to_gate (User: D, Negotiating against: H)"}. Negotiation time: 0.859 seconds. Rounds: 15. Result: loser
/robassistant_1: negotiation completed. Configuration: {"goal": "navigate_to_gate (User: D, Negotiating against: I)"}. Negotiation time: 0.663 seconds. Rounds: 12. Result: winner
/robassistant_1: negotiation completed. Configuration: {"goal": "navigate_to_gate (User: D, Negotiating against: J)"}. Negotiation time: 0.702 seconds. Rounds: 14. Result: winner
/robassistant_1: negotiation completed. Configuration: {"goal": "navigate_to_gate (User: E, Negotiating against: A)"}. Negotiation time: 0.722 seconds. Rounds: 15. Result: winner
/robassistant_1: negotiation completed. Configuration: {"goal": "navigate_to_gate (User: E, Negotiating against: B)"}. Negotiation time: 0.729 seconds. Rounds: 15. Result: winner
/robassistant_1: negotiation completed. Configuration: {"goal": "navigate_to_gate (User: E, Negotiating against: C)"}. Negotiation time: 0.831 seconds. Rounds: 15. Result: winner
/robassistant_1: negotiation completed. Configuration: {"goal": "navigate_to_gate (User: E, Negotiating against: D)"}. Negotiation time: 0.869 seconds. Rounds: 18. Result: no-agreement
/robassistant_1: negotiation completed. Configuration: {"goal": "navigate_to_gate (User: E, Negotiating against: F)"}. Negotiation time: 0.805 seconds. Rounds: 15. Result: winner
/robassistant_1: negotiation completed. Configuration: {"goal": "navigate_to_gate (User: E, Negotiating against: G)"}. Negotiation time: 0.819 seconds. Rounds: 16. Result: winner
/robassistant_1: negotiation completed. Configuration: {"goal": "navigate_to_gate (User: E, Negotiating against: H)"}. Negotiation time: 1.019 seconds. Rounds: 18. Result: loser
/robassistant_1: negotiation completed. Configuration: {"goal": "navigate_to_gate (User: E, Negotiating against: I)"}. Negotiation time: 0.678 seconds. Rounds: 11. Result: winner
/robassistant_1: negotiation completed. Configuration: {"goal": "navigate_to_gate (User: E, Negotiating against: J)"}. Negotiation time: 0.682 seconds. Rounds: 14. Result: winner
/robassistant_1: negotiation completed. Configuration: {"goal": "navigate_to_gate (User: F, Negotiating against: A)"}. Negotiation time: 0.639 seconds. Rounds: 10. Result: winner
/robassistant_1: negotiation completed. Configuration: {"goal": "navigate_to_gate (User: F, Negotiating against: B)"}. Negotiation time: 0.598 seconds. Rounds: 11. Result: no-agreement
/robassistant_1: negotiation completed. Configuration: {"goal": "navigate_to_gate (User: F, Negotiating against: C)"}. Negotiation time: 0.651 seconds. Rounds: 13. Result: no-agreement
/robassistant_1: negotiation completed. Configuration: {"goal": "navigate_to_gate (User: F, Negotiating against: D)"}. Negotiation time: 0.824 seconds. Rounds: 16. Result: loser
/robassistant_1: negotiation completed. Configuration: {"goal": "navigate_to_gate (User: F, Negotiating against: E)"}. Negotiation time: 0.798 seconds. Rounds: 15. Result: loser
/robassistant_1: negotiation completed. Configuration: {"goal": "navigate_to_gate (User: F, Negotiating against: G)"}. Negotiation time: 0.678 seconds. Rounds: 14. Result: loser
/robassistant_1: negotiation completed. Configuration: {"goal": "navigate_to_gate (User: F, Negotiating against: H)"}. Negotiation time: 0.785 seconds. Rounds: 15. Result: loser
/robassistant_1: negotiation completed. Configuration: {"goal": "navigate_to_gate (User: F, Negotiating against: I)"}. Negotiation time: 0.501 seconds. Rounds: 9. Result: winner
/robassistant_1: negotiation completed. Configuration: {"goal": "navigate_to_gate (User: F, Negotiating against: J)"}. Negotiation time: 0.624 seconds. Rounds: 12. Result: no-agreement
/robassistant_1: negotiation completed. Configuration: {"goal": "navigate_to_gate (User: G, Negotiating against: A)"}. Negotiation time: 0.615 seconds. Rounds: 10. Result: winner
/robassistant_1: negotiation completed. Configuration: {"goal": "navigate_to_gate (User: G, Negotiating against: B)"}. Negotiation time: 0.566 seconds. Rounds: 11. Result: winner
/robassistant_1: negotiation completed. Configuration: {"goal": "navigate_to_gate (User: G, Negotiating against: C)"}. Negotiation time: 0.754 seconds. Rounds: 13. Result: winner
/robassistant_1: negotiation completed. Configuration: {"goal": "navigate_to_gate (User: G, Negotiating against: D)"}. Negotiation time: 0.778 seconds. Rounds: 15. Result: loser
/robassistant_1: negotiation completed. Configuration: {"goal": "navigate_to_gate (User: G, Negotiating against: E)"}. Negotiation time: 0.746 seconds. Rounds: 16. Result: loser
/robassistant_1: negotiation completed. Configuration: {"goal": "navigate_to_gate (User: G, Negotiating against: F)"}. Negotiation time: 0.805 seconds. Rounds: 14. Result: winner
/robassistant_1: negotiation completed. Configuration: {"goal": "navigate_to_gate (User: G, Negotiating against: H)"}. Negotiation time: 0.712 seconds. Rounds: 12. Result: loser
/robassistant_1: negotiation completed. Configuration: {"goal": "navigate_to_gate (User: G, Negotiating against: I)"}. Negotiation time: 0.707 seconds. Rounds: 11. Result: winner
/robassistant_1: negotiation completed. Configuration: {"goal": "navigate_to_gate (User: G, Negotiating against: J)"}. Negotiation time: 0.712 seconds. Rounds: 14. Result: winner
/robassistant_1: negotiation completed. Configuration: {"goal": "navigate_to_gate (User: H, Negotiating against: A)"}. Negotiation time: 0.457 seconds. Rounds: 8. Result: winner
/robassistant_1: negotiation completed. Configuration: {"goal": "navigate_to_gate (User: H, Negotiating against: B)"}. Negotiation time: 0.608 seconds. Rounds: 10. Result: winner
/robassistant_1: negotiation completed. Configuration: {"goal": "navigate_to_gate (User: H, Negotiating against: C)"}. Negotiation time: 0.657 seconds. Rounds: 13. Result: winner
/robassistant_1: negotiation completed. Configuration: {"goal": "navigate_to_gate (User: H, Negotiating against: D)"}. Negotiation time: 0.840 seconds. Rounds: 16. Result: winner
/robassistant_1: negotiation completed. Configuration: {"goal": "navigate_to_gate (User: H, Negotiating against: E)"}. Negotiation time: 0.942 seconds. Rounds: 18. Result: winner
/robassistant_1: negotiation completed. Configuration: {"goal": "navigate_to_gate (User: H, Negotiating against: F)"}. Negotiation time: 0.766 seconds. Rounds: 15. Result: winner
/robassistant_1: negotiation completed. Configuration: {"goal": "navigate_to_gate (User: H, Negotiating against: G)"}. Negotiation time: 0.716 seconds. Rounds: 11. Result: winner
/robassistant_1: negotiation completed. Configuration: {"goal": "navigate_to_gate (User: H, Negotiating against: I)"}. Negotiation time: 0.557 seconds. Rounds: 7. Result: winner
/robassistant_1: negotiation completed. Configuration: {"goal": "navigate_to_gate (User: H, Negotiating against: J)"}. Negotiation time: 0.526 seconds. Rounds: 10. Result: winner
/robassistant_1: negotiation completed. Configuration: {"goal": "navigate_to_gate (User: I, Negotiating against: A)"}. Negotiation time: 0.637 seconds. Rounds: 10. Result: no-agreement
/robassistant_1: negotiation completed. Configuration: {"goal": "navigate_to_gate (User: I, Negotiating against: B)"}. Negotiation time: 0.727 seconds. Rounds: 10. Result: no-agreement
/robassistant_1: negotiation completed. Configuration: {"goal": "navigate_to_gate (User: I, Negotiating against: C)"}. Negotiation time: 0.758 seconds. Rounds: 12. Result: loser
/robassistant_1: negotiation completed. Configuration: {"goal": "navigate_to_gate (User: I, Negotiating against: D)"}. Negotiation time: 0.596 seconds. Rounds: 11. Result: loser
/robassistant_1: negotiation completed. Configuration: {"goal": "navigate_to_gate (User: I, Negotiating against: E)"}. Negotiation time: 0.591 seconds. Rounds: 11. Result: loser
/robassistant_1: negotiation completed. Configuration: {"goal": "navigate_to_gate (User: I, Negotiating against: F)"}. Negotiation time: 0.640 seconds. Rounds: 9. Result: loser
/robassistant_1: negotiation completed. Configuration: {"goal": "navigate_to_gate (User: I, Negotiating against: G)"}. Negotiation time: 0.610 seconds. Rounds: 12. Result: loser
/robassistant_1: negotiation completed. Configuration: {"goal": "navigate_to_gate (User: I, Negotiating against: H)"}. Negotiation time: 0.430 seconds. Rounds: 7. Result: loser
/robassistant_1: negotiation completed. Configuration: {"goal": "navigate_to_gate (User: I, Negotiating against: J)"}. Negotiation time: 0.696 seconds. Rounds: 10. Result: loser
/robassistant_1: negotiation completed. Configuration: {"goal": "navigate_to_gate (User: J, Negotiating against: A)"}. Negotiation time: 0.583 seconds. Rounds: 12. Result: no-agreement
/robassistant_1: negotiation completed. Configuration: {"goal": "navigate_to_gate (User: J, Negotiating against: B)"}. Negotiation time: 0.534 seconds. Rounds: 10. Result: winner
/robassistant_1: negotiation completed. Configuration: {"goal": "navigate_to_gate (User: J, Negotiating against: C)"}. Negotiation time: 0.654 seconds. Rounds: 13. Result: no-agreement
/robassistant_1: negotiation completed. Configuration: {"goal": "navigate_to_gate (User: J, Negotiating against: D)"}. Negotiation time: 0.723 seconds. Rounds: 14. Result: loser
/robassistant_1: negotiation completed. Configuration: {"goal": "navigate_to_gate (User: J, Negotiating against: E)"}. Negotiation time: 0.680 seconds. Rounds: 14. Result: loser
/robassistant_1: negotiation completed. Configuration: {"goal": "navigate_to_gate (User: J, Negotiating against: F)"}. Negotiation time: 0.621 seconds. Rounds: 12. Result: no-agreement
/robassistant_1: negotiation completed. Configuration: {"goal": "navigate_to_gate (User: J, Negotiating against: G)"}. Negotiation time: 0.686 seconds. Rounds: 13. Result: loser
/robassistant_1: negotiation completed. Configuration: {"goal": "navigate_to_gate (User: J, Negotiating against: H)"}. Negotiation time: 0.633 seconds. Rounds: 10. Result: loser
/robassistant_1: negotiation completed. Configuration: {"goal": "navigate_to_gate (User: J, Negotiating against: I)"}. Negotiation time: 0.588 seconds. Rounds: 9. Result: winner
/robassistant_2: negotiation completed. Configuration: {"goal": "navigate_to_gate (User: B, Negotiating against: A)"}. Negotiation time: 0.621 seconds. Rounds: 10. Result: no-agreement
/robassistant_2: negotiation completed. Configuration: {"goal": "navigate_to_gate (User: C, Negotiating against: A)"}. Negotiation time: 1.029 seconds. Rounds: 13. Result: no-agreement
/robassistant_2: negotiation completed. Configuration: {"goal": "navigate_to_gate (User: D, Negotiating against: A)"}. Negotiation time: 0.863 seconds. Rounds: 15. Result: winner
/robassistant_2: negotiation completed. Configuration: {"goal": "navigate_to_gate (User: E, Negotiating against: A)"}. Negotiation time: 0.702 seconds. Rounds: 15. Result: winner
/robassistant_2: negotiation completed. Configuration: {"goal": "navigate_to_gate (User: F, Negotiating against: A)"}. Negotiation time: 0.561 seconds. Rounds: 9. Result: winner
/robassistant_2: negotiation completed. Configuration: {"goal": "navigate_to_gate (User: G, Negotiating against: A)"}. Negotiation time: 0.628 seconds. Rounds: 10. Result: winner
/robassistant_2: negotiation completed. Configuration: {"goal": "navigate_to_gate (User: H, Negotiating against: A)"}. Negotiation time: 0.574 seconds. Rounds: 7. Result: winner
/robassistant_2: negotiation completed. Configuration: {"goal": "navigate_to_gate (User: I, Negotiating against: A)"}. Negotiation time: 0.562 seconds. Rounds: 10. Result: no-agreement
/robassistant_2: negotiation completed. Configuration: {"goal": "navigate_to_gate (User: J, Negotiating against: A)"}. Negotiation time: 0.659 seconds. Rounds: 12. Result: no-agreement
/robassistant_2: negotiation completed. Configuration: {"goal": "navigate_to_gate (User: A, Negotiating against: B)"}. Negotiation time: 0.590 seconds. Rounds: 10. Result: no-agreement
/robassistant_2: negotiation completed. Configuration: {"goal": "navigate_to_gate (User: C, Negotiating against: B)"}. Negotiation time: 0.540 seconds. Rounds: 12. Result: winner
/robassistant_2: negotiation completed. Configuration: {"goal": "navigate_to_gate (User: D, Negotiating against: B)"}. Negotiation time: 0.918 seconds. Rounds: 15. Result: winner
/robassistant_2: negotiation completed. Configuration: {"goal": "navigate_to_gate (User: E, Negotiating against: B)"}. Negotiation time: 0.796 seconds. Rounds: 15. Result: winner
/robassistant_2: negotiation completed. Configuration: {"goal": "navigate_to_gate (User: F, Negotiating against: B)"}. Negotiation time: 0.598 seconds. Rounds: 12. Result: no-agreement
/robassistant_2: negotiation completed. Configuration: {"goal": "navigate_to_gate (User: G, Negotiating against: B)"}. Negotiation time: 0.598 seconds. Rounds: 11. Result: winner
/robassistant_2: negotiation completed. Configuration: {"goal": "navigate_to_gate (User: H, Negotiating against: B)"}. Negotiation time: 0.491 seconds. Rounds: 9. Result: winner
/robassistant_2: negotiation completed. Configuration: {"goal": "navigate_to_gate (User: I, Negotiating against: B)"}. Negotiation time: 0.594 seconds. Rounds: 10. Result: no-agreement
/robassistant_2: negotiation completed. Configuration: {"goal": "navigate_to_gate (User: J, Negotiating against: B)"}. Negotiation time: 0.491 seconds. Rounds: 9. Result: winner
/robassistant_2: negotiation completed. Configuration: {"goal": "navigate_to_gate (User: A, Negotiating against: C)"}. Negotiation time: 0.560 seconds. Rounds: 13. Result: no-agreement
/robassistant_2: negotiation completed. Configuration: {"goal": "navigate_to_gate (User: B, Negotiating against: C)"}. Negotiation time: 0.624 seconds. Rounds: 12. Result: loser
/robassistant_2: negotiation completed. Configuration: {"goal": "navigate_to_gate (User: D, Negotiating against: C)"}. Negotiation time: 0.748 seconds. Rounds: 15. Result: winner
/robassistant_2: negotiation completed. Configuration: {"goal": "navigate_to_gate (User: E, Negotiating against: C)"}. Negotiation time: 0.795 seconds. Rounds: 15. Result: winner
/robassistant_2: negotiation completed. Configuration: {"goal": "navigate_to_gate (User: F, Negotiating against: C)"}. Negotiation time: 0.692 seconds. Rounds: 14. Result: no-agreement
/robassistant_2: negotiation completed. Configuration: {"goal": "navigate_to_gate (User: G, Negotiating against: C)"}. Negotiation time: 0.615 seconds. Rounds: 14. Result: winner
/robassistant_2: negotiation completed. Configuration: {"goal": "navigate_to_gate (User: H, Negotiating against: C)"}. Negotiation time: 0.728 seconds. Rounds: 13. Result: winner
/robassistant_2: negotiation completed. Configuration: {"goal": "navigate_to_gate (User: I, Negotiating against: C)"}. Negotiation time: 0.630 seconds. Rounds: 11. Result: loser
/robassistant_2: negotiation completed. Configuration: {"goal": "navigate_to_gate (User: J, Negotiating against: C)"}. Negotiation time: 0.820 seconds. Rounds: 14. Result: no-agreement
/robassistant_2: negotiation completed. Configuration: {"goal": "navigate_to_gate (User: A, Negotiating against: D)"}. Negotiation time: 0.715 seconds. Rounds: 16. Result: loser
/robassistant_2: negotiation completed. Configuration: {"goal": "navigate_to_gate (User: B, Negotiating against: D)"}. Negotiation time: 0.705 seconds. Rounds: 15. Result: loser
/robassistant_2: negotiation completed. Configuration: {"goal": "navigate_to_gate (User: C, Negotiating against: D)"}. Negotiation time: 0.770 seconds. Rounds: 15. Result: loser
/robassistant_2: negotiation completed. Configuration: {"goal": "navigate_to_gate (User: E, Negotiating against: D)"}. Negotiation time: 0.841 seconds. Rounds: 18. Result: no-agreement
/robassistant_2: negotiation completed. Configuration: {"goal": "navigate_to_gate (User: F, Negotiating against: D)"}. Negotiation time: 0.696 seconds. Rounds: 15. Result: loser
/robassistant_2: negotiation completed. Configuration: {"goal": "navigate_to_gate (User: G, Negotiating against: D)"}. Negotiation time: 0.906 seconds. Rounds: 15. Result: loser
/robassistant_2: negotiation completed. Configuration: {"goal": "navigate_to_gate (User: H, Negotiating against: D)"}. Negotiation time: 0.810 seconds. Rounds: 15. Result: winner
/robassistant_2: negotiation completed. Configuration: {"goal": "navigate_to_gate (User: I, Negotiating against: D)"}. Negotiation time: 0.627 seconds. Rounds: 12. Result: loser
/robassistant_2: negotiation completed. Configuration: {"goal": "navigate_to_gate (User: J, Negotiating against: D)"}. Negotiation time: 0.660 seconds. Rounds: 14. Result: loser
/robassistant_2: negotiation completed. Configuration: {"goal": "navigate_to_gate (User: A, Negotiating against: E)"}. Negotiation time: 0.669 seconds. Rounds: 15. Result: loser
/robassistant_2: negotiation completed. Configuration: {"goal": "navigate_to_gate (User: B, Negotiating against: E)"}. Negotiation time: 0.683 seconds. Rounds: 15. Result: loser
/robassistant_2: negotiation completed. Configuration: {"goal": "navigate_to_gate (User: C, Negotiating against: E)"}. Negotiation time: 0.761 seconds. Rounds: 15. Result: loser
/robassistant_2: negotiation completed. Configuration: {"goal": "navigate_to_gate (User: D, Negotiating against: E)"}. Negotiation time: 0.821 seconds. Rounds: 18. Result: no-agreement
/robassistant_2: negotiation completed. Configuration: {"goal": "navigate_to_gate (User: F, Negotiating against: E)"}. Negotiation time: 0.749 seconds. Rounds: 15. Result: loser
/robassistant_2: negotiation completed. Configuration: {"goal": "navigate_to_gate (User: G, Negotiating against: E)"}. Negotiation time: 0.770 seconds. Rounds: 16. Result: loser
/robassistant_2: negotiation completed. Configuration: {"goal": "navigate_to_gate (User: H, Negotiating against: E)"}. Negotiation time: 0.981 seconds. Rounds: 18. Result: winner
/robassistant_2: negotiation completed. Configuration: {"goal": "navigate_to_gate (User: I, Negotiating against: E)"}. Negotiation time: 0.613 seconds. Rounds: 11. Result: loser
/robassistant_2: negotiation completed. Configuration: {"goal": "navigate_to_gate (User: J, Negotiating against: E)"}. Negotiation time: 0.619 seconds. Rounds: 14. Result: loser
/robassistant_2: negotiation completed. Configuration: {"goal": "navigate_to_gate (User: A, Negotiating against: F)"}. Negotiation time: 0.586 seconds. Rounds: 10. Result: loser
/robassistant_2: negotiation completed. Configuration: {"goal": "navigate_to_gate (User: B, Negotiating against: F)"}. Negotiation time: 0.556 seconds. Rounds: 11. Result: no-agreement
/robassistant_2: negotiation completed. Configuration: {"goal": "navigate_to_gate (User: C, Negotiating against: F)"}. Negotiation time: 0.603 seconds. Rounds: 13. Result: no-agreement
/robassistant_2: negotiation completed. Configuration: {"goal": "navigate_to_gate (User: D, Negotiating against: F)"}. Negotiation time: 0.790 seconds. Rounds: 16. Result: winner
/robassistant_2: negotiation completed. Configuration: {"goal": "navigate_to_gate (User: E, Negotiating against: F)"}. Negotiation time: 0.770 seconds. Rounds: 15. Result: winner
/robassistant_2: negotiation completed. Configuration: {"goal": "navigate_to_gate (User: G, Negotiating against: F)"}. Negotiation time: 0.636 seconds. Rounds: 14. Result: winner
/robassistant_2: negotiation completed. Configuration: {"goal": "navigate_to_gate (User: H, Negotiating against: F)"}. Negotiation time: 0.758 seconds. Rounds: 15. Result: winner
/robassistant_2: negotiation completed. Configuration: {"goal": "navigate_to_gate (User: I, Negotiating against: F)"}. Negotiation time: 0.456 seconds. Rounds: 9. Result: loser
/robassistant_2: negotiation completed. Configuration: {"goal": "navigate_to_gate (User: J, Negotiating against: F)"}. Negotiation time: 0.582 seconds. Rounds: 12. Result: no-agreement
/robassistant_2: negotiation completed. Configuration: {"goal": "navigate_to_gate (User: A, Negotiating against: G)"}. Negotiation time: 0.574 seconds. Rounds: 10. Result: loser
/robassistant_2: negotiation completed. Configuration: {"goal": "navigate_to_gate (User: B, Negotiating against: G)"}. Negotiation time: 0.506 seconds. Rounds: 11. Result: loser
/robassistant_2: negotiation completed. Configuration: {"goal": "navigate_to_gate (User: C, Negotiating against: G)"}. Negotiation time: 0.690 seconds. Rounds: 13. Result: loser
/robassistant_2: negotiation completed. Configuration: {"goal": "navigate_to_gate (User: D, Negotiating against: G)"}. Negotiation time: 0.752 seconds. Rounds: 15. Result: winner
/robassistant_2: negotiation completed. Configuration: {"goal": "navigate_to_gate (User: E, Negotiating against: G)"}. Negotiation time: 0.731 seconds. Rounds: 16. Result: winner
/robassistant_2: negotiation completed. Configuration: {"goal": "navigate_to_gate (User: F, Negotiating against: G)"}. Negotiation time: 0.732 seconds. Rounds: 14. Result: loser
/robassistant_2: negotiation completed. Configuration: {"goal": "navigate_to_gate (User: H, Negotiating against: G)"}. Negotiation time: 0.688 seconds. Rounds: 12. Result: winner
/robassistant_2: negotiation completed. Configuration: {"goal": "navigate_to_gate (User: I, Negotiating against: G)"}. Negotiation time: 0.643 seconds. Rounds: 11. Result: loser
/robassistant_2: negotiation completed. Configuration: {"goal": "navigate_to_gate (User: J, Negotiating against: G)"}. Negotiation time: 0.646 seconds. Rounds: 14. Result: loser
/robassistant_2: negotiation completed. Configuration: {"goal": "navigate_to_gate (User: A, Negotiating against: H)"}. Negotiation time: 0.403 seconds. Rounds: 8. Result: loser
/robassistant_2: negotiation completed. Configuration: {"goal": "navigate_to_gate (User: B, Negotiating against: H)"}. Negotiation time: 0.546 seconds. Rounds: 10. Result: loser
/robassistant_2: negotiation completed. Configuration: {"goal": "navigate_to_gate (User: C, Negotiating against: H)"}. Negotiation time: 0.603 seconds. Rounds: 13. Result: loser
/robassistant_2: negotiation completed. Configuration: {"goal": "navigate_to_gate (User: D, Negotiating against: H)"}. Negotiation time: 0.785 seconds. Rounds: 16. Result: loser
/robassistant_2: negotiation completed. Configuration: {"goal": "navigate_to_gate (User: E, Negotiating against: H)"}. Negotiation time: 0.879 seconds. Rounds: 18. Result: loser
/robassistant_2: negotiation completed. Configuration: {"goal": "navigate_to_gate (User: F, Negotiating against: H)"}. Negotiation time: 0.720 seconds. Rounds: 15. Result: loser
/robassistant_2: negotiation completed. Configuration: {"goal": "navigate_to_gate (User: G, Negotiating against: H)"}. Negotiation time: 0.642 seconds. Rounds: 11. Result: loser
/robassistant_2: negotiation completed. Configuration: {"goal": "navigate_to_gate (User: I, Negotiating against: H)"}. Negotiation time: 0.443 seconds. Rounds: 7. Result: loser
/robassistant_2: negotiation completed. Configuration: {"goal": "navigate_to_gate (User: J, Negotiating against: H)"}. Negotiation time: 0.467 seconds. Rounds: 10. Result: loser
/robassistant_2: negotiation completed. Configuration: {"goal": "navigate_to_gate (User: A, Negotiating against: I)"}. Negotiation time: 0.589 seconds. Rounds: 10. Result: no-agreement
/robassistant_2: negotiation completed. Configuration: {"goal": "navigate_to_gate (User: B, Negotiating against: I)"}. Negotiation time: 0.675 seconds. Rounds: 10. Result: no-agreement
/robassistant_2: negotiation completed. Configuration: {"goal": "navigate_to_gate (User: C, Negotiating against: I)"}. Negotiation time: 0.742 seconds. Rounds: 12. Result: winner
/robassistant_2: negotiation completed. Configuration: {"goal": "navigate_to_gate (User: D, Negotiating against: I)"}. Negotiation time: 0.558 seconds. Rounds: 11. Result: winner
/robassistant_2: negotiation completed. Configuration: {"goal": "navigate_to_gate (User: E, Negotiating against: I)"}. Negotiation time: 0.567 seconds. Rounds: 11. Result: winner
/robassistant_2: negotiation completed. Configuration: {"goal": "navigate_to_gate (User: F, Negotiating against: I)"}. Negotiation time: 0.607 seconds. Rounds: 9. Result: winner
/robassistant_2: negotiation completed. Configuration: {"goal": "navigate_to_gate (User: G, Negotiating against: I)"}. Negotiation time: 0.591 seconds. Rounds: 12. Result: winner
/robassistant_2: negotiation completed. Configuration: {"goal": "navigate_to_gate (User: H, Negotiating against: I)"}. Negotiation time: 0.397 seconds. Rounds: 7. Result: winner
/robassistant_2: negotiation completed. Configuration: {"goal": "navigate_to_gate (User: J, Negotiating against: I)"}. Negotiation time: 0.670 seconds. Rounds: 10. Result: winner
/robassistant_2: negotiation completed. Configuration: {"goal": "navigate_to_gate (User: A, Negotiating against: J)"}. Negotiation time: 0.547 seconds. Rounds: 12. Result: no-agreement
/robassistant_2: negotiation completed. Configuration: {"goal": "navigate_to_gate (User: B, Negotiating against: J)"}. Negotiation time: 0.491 seconds. Rounds: 10. Result: loser
/robassistant_2: negotiation completed. Configuration: {"goal": "navigate_to_gate (User: C, Negotiating against: J)"}. Negotiation time: 0.596 seconds. Rounds: 13. Result: no-agreement
/robassistant_2: negotiation completed. Configuration: {"goal": "navigate_to_gate (User: D, Negotiating against: J)"}. Negotiation time: 0.676 seconds. Rounds: 14. Result: winner
/robassistant_2: negotiation completed. Configuration: {"goal": "navigate_to_gate (User: E, Negotiating against: J)"}. Negotiation time: 0.651 seconds. Rounds: 14. Result: winner
/robassistant_2: negotiation completed. Configuration: {"goal": "navigate_to_gate (User: F, Negotiating against: J)"}. Negotiation time: 0.577 seconds. Rounds: 12. Result: no-agreement
/robassistant_2: negotiation completed. Configuration: {"goal": "navigate_to_gate (User: G, Negotiating against: J)"}. Negotiation time: 0.658 seconds. Rounds: 13. Result: winner
/robassistant_2: negotiation completed. Configuration: {"goal": "navigate_to_gate (User: H, Negotiating against: J)"}. Negotiation time: 0.614 seconds. Rounds: 10. Result: winner
/robassistant_2: negotiation completed. Configuration: {"goal": "navigate_to_gate (User: I, Negotiating against: J)"}. Negotiation time: 0.541 seconds. Rounds: 9. Result: loser
