/robassistant_1: negotiation completed. Configuration: {"goal": "accompany_to_room (User: A, Negotiating against: B)"}. Negotiation time: 0.700 seconds. Rounds: 9. Result: winner
/robassistant_1: negotiation completed. Configuration: {"goal": "accompany_to_room (User: A, Negotiating against: C)"}. Negotiation time: 1.010 seconds. Rounds: 12. Result: loser
/robassistant_1: negotiation completed. Configuration: {"goal": "accompany_to_room (User: A, Negotiating against: D)"}. Negotiation time: 0.918 seconds. Rounds: 14. Result: loser
/robassistant_1: negotiation completed. Configuration: {"goal": "accompany_to_room (User: A, Negotiating against: E)"}. Negotiation time: 0.795 seconds. Rounds: 12. Result: no-agreement
/robassistant_1: negotiation completed. Configuration: {"goal": "accompany_to_room (User: A, Negotiating against: F)"}. Negotiation time: 0.786 seconds. Rounds: 10. Result: loser
/robassistant_1: negotiation completed. Configuration: {"goal": "accompany_to_room (User: A, Negotiating against: G)"}. Negotiation time: 0.746 seconds. Rounds: 12. Result: loser
/robassistant_1: negotiation completed. Configuration: {"goal": "accompany_to_room (User: A, Negotiating against: H)"}. Negotiation time: 0.704 seconds. Rounds: 12. Result: loser
/robassistant_1: negotiation completed. Configuration: {"goal": "accompany_to_room (User: A, Negotiating against: I)"}. Negotiation time: 0.598 seconds. Rounds: 9. Result: loser
/robassistant_1: negotiation completed. Configuration: {"goal": "accompany_to_room (User: A, Negotiating against: J)"}. Negotiation time: 0.637 seconds. Rounds: 12. Result: no-agreement
/robassistant_1: negotiation completed. Configuration: {"goal": "accompany_to_room (User: B, Negotiating against: A)"}. Negotiation time: 0.531 seconds. Rounds: 9. Result: loser
/robassistant_1: negotiation completed. Configuration: {"goal": "accompany_to_room (User: B, Negotiating against: C)"}. Negotiation time: 0.465 seconds. Rounds: 8. Result: loser
/robassistant_1: negotiation completed. Configuration: {"goal": "accompany_to_room (User: B, Negotiating against: D)"}. Negotiation time: 0.672 seconds. Rounds: 12. Result: loser
/robassistant_1: negotiation completed. Configuration: {"goal": "accompany_to_room (User: B, Negotiating against: E)"}. Negotiation time: 0.621 seconds. Rounds: 12. Result: no-agreement
/robassistant_1: negotiation completed. Configuration: {"goal": "accompany_to_room (User: B, Negotiating against: F)"}. Negotiation time: 0.523 seconds. Rounds: 9. Result: loser
/robassistant_1: negotiation completed. Configuration: {"goal": "accompany_to_room (User: B, Negotiating against: G)"}. Negotiation time: 0.666 seconds. Rounds: 10. Result: loser
/robassistant_1: negotiation completed. Configuration: {"goal": "accompany_to_room (User: B, Negotiating against: H)"}. Negotiation time: 0.551 seconds. Rounds: 9. Result: loser
/robassistant_1: negotiation completed. Configuration: {"goal": "accompany_to_room (User: B, Negotiating against: I)"}. Negotiation time: 0.494 seconds. Rounds: 8. Result: loser
/robassistant_1: negotiation completed. Configuration: {"goal": "accompany_to_room (User: B, Negotiating against: J)"}. Negotiation time: 0.627 seconds. Rounds: 12. Result: no-agreement
/robassistant_1: negotiation completed. Configuration: {"goal": "accompany_to_room (User: C, Negotiating against: A)"}. Negotiation time: 0.651 seconds. Rounds: 12. Result: winner
/robassistant_1: negotiation completed. Configuration: {"goal": "accompany_to_room (User: C, Negotiating against: B)"}. Negotiation time: 0.545 seconds. Rounds: 8. Result: winner
/robassistant_1: negotiation completed. Configuration: {"goal": "accompany_to_room (User: C, Negotiating against: D)"}. Negotiation time: 0.845 seconds. Rounds: 16. Result: no-agreement
/robassistant_1: negotiation completed. Configuration: {"goal": "accompany_to_room (User: C, Negotiating against: E)"}. Negotiation time: 0.654 seconds. Rounds: 9. Result: winner
/robassistant_1: negotiation completed. Configuration: {"goal": "accompany_to_room (User: C, Negotiating against: F)"}. Negotiation time: 0.678 seconds. Rounds: 14. Result: no-agreement
/robassistant_1: negotiation completed. Configuration: {"goal": "accompany_to_room (User: C, Negotiating against: G)"}. Negotiation time: 0.677 seconds. Rounds: 14. Result: no-agreement
/robassistant_1: negotiation completed. Configuration: {"goal": "accompany_to_room (User: C, Negotiating against: H)"}. Negotiation time: 0.774 seconds. Rounds: 14. Result: loser
/robassistant_1: negotiation completed. Configuration: {"goal": "accompany_to_room (User: C, Negotiating against: I)"}. Negotiation time: 0.689 seconds. Rounds: 12. Result: winner
/robassistant_1: negotiation completed. Configuration: {"goal": "accompany_to_room (User: C, Negotiating against: J)"}. Negotiation time: 0.643 seconds. Rounds: 11. Result: winner
/robassistant_1: negotiation completed. Configuration: {"goal": "accompany_to_room (User: D, Negotiating against: A)"}. Negotiation time: 0.781 seconds. Rounds: 14. Result: winner
/robassistant_1: negotiation completed. Configuration: {"goal": "accompany_to_room (User: D, Negotiating against: B)"}. Negotiation time: 0.743 seconds. Rounds: 11. Result: winner
/robassistant_1: negotiation completed. Configuration: {"goal": "accompany_to_room (User: D, Negotiating against: C)"}. Negotiation time: 0.760 seconds. Rounds: 16. Result: no-agreement
/robassistant_1: negotiation completed. Configuration: {"goal": "accompany_to_room (User: D, Negotiating against: E)"}. Negotiation time: 0.714 seconds. Rounds: 12. Result: winner
/robassistant_1: negotiation completed. Configuration: {"goal": "accompany_to_room (User: D, Negotiating against: F)"}. Negotiation time: 0.731 seconds. Rounds: 14. Result: winner
/robassistant_1: negotiation completed. Configuration: {"goal": "accompany_to_room (User: D, Negotiating against: G)"}. Negotiation time: 0.819 seconds. Rounds: 14. Result: winner
/robassistant_1: negotiation completed. Configuration: {"goal": "accompany_to_room (User: D, Negotiating against: H)"}. Negotiation time: 0.866 seconds. Rounds: 13. Result: loser
/robassistant_1: negotiation completed. Configuration: {"goal": "accompany_to_room (User: D, Negotiating against: I)"}. Negotiation time: 0.672 seconds. Rounds: 12. Result: winner
/robassistant_1: negotiation completed. Configuration: {"goal": "accompany_to_room (User: D, Negotiating against: J)"}. Negotiation time: 0.764 seconds. Rounds: 14. Result: winner
/robassistant_1: negotiation completed. Configuration: {"goal": "accompany_to_room (User: E, Negotiating against: A)"}. Negotiation time: 0.636 seconds. Rounds: 12. Result: no-agreement
/robassistant_1: negotiation completed. Configuration: {"goal": "accompany_to_room (User: E, Negotiating against: B)"}. Negotiation time: 0.634 seconds. Rounds: 12. Result: no-agreement
/robassistant_1: negotiation completed. Configuration: {"goal": "accompany_to_room (User: E, Negotiating against: C)"}. Negotiation time: 0.657 seconds. Rounds: 9. Result: loser
/robassistant_1: negotiation completed. Configuration: {"goal": "accompany_to_room (User: E, Negotiating against: D)"}. Negotiation time: 0.592 seconds. Rounds: 11. Result: loser
/robassistant_1: negotiation completed. Configuration: {"goal": "accompany_to_room (User: E, Negotiating against: F)"}. Negotiation time: 0.617 seconds. Rounds: 12. Result: no-agreement
/robassistant_1: negotiation completed. Configuration: {"goal": "accompany_to_room (User: E, Negotiating against: G)"}. Negotiation time: 0.674 seconds. Rounds: 12. Result: loser
/robassistant_1: negotiation completed. Configuration: {"goal": "accompany_to_room (User: E, Negotiating against: H)"}. Negotiation time: 0.481 seconds. Rounds: 9. Result: loser
/robassistant_1: negotiation completed. Configuration: {"goal": "accompany_to_room (User: E, Negotiating against: I)"}. Negotiation time: 0.625 seconds. Rounds: 12. Result: no-agreement
/robassistant_1: negotiation completed. Configuration: {"goal": "accompany_to_room (User: E, Negotiating against: J)"}. Negotiation time: 0.718 seconds. Rounds: 12. Result: no-agreement
/robassistant_1: negotiation completed. Configuration: {"goal": "accompany_to_room (User: F, Negotiating against: A)"}. Negotiation time: 0.799 seconds. Rounds: 10. Result: winner
/robassistant_1: negotiation completed. Configuration: {"goal": "accompany_to_room (User: F, Negotiating against: B)"}. Negotiation time: 0.536 seconds. Rounds: 9. Result: winner
/robassistant_1: negotiation completed. Configuration: {"goal": "accompany_to_room (User: F, Negotiating against: C)"}. Negotiation time: 0.766 seconds. Rounds: 14. Result: no-agreement
/robassistant_1: negotiation completed. Configuration: {"goal": "accompany_to_room (User: F, Negotiating against: D)"}. Negotiation time: 0.813 seconds. Rounds: 14. Result: loser
/robassistant_1: negotiation completed. Configuration: {"goal": "accompany_to_room (User: F, Negotiating against: E)"}. Negotiation time: 0.694 seconds. Rounds: 12. Result: no-agreement
/robassistant_1: negotiation completed. Configuration: {"goal": "accompany_to_room (User: F, Negotiating against: G)"}. Negotiation time: 0.698 seconds. Rounds: 10. Result: winner
/robassistant_1: negotiation completed. Configuration: {"goal": "accompany_to_room (User: F, Negotiating against: H)"}. Negotiation time: 0.827 seconds. Rounds: 12. Result: loser
/robassistant_1: negotiation completed. Configuration: {"goal": "accompany_to_room (User: F, Negotiating against: I)"}. Negotiation time: 0.680 seconds. Rounds: 12. Result: no-agreement
/robassistant_1: negotiation completed. Configuration: {"goal": "accompany_to_room (User: F, Negotiating against: J)"}. Negotiation time: 0.691 seconds. Rounds: 12. Result: no-agreement
/robassistant_1: negotiation completed. Configuration: {"goal": "accompany_to_room (User: G, Negotiating against: A)"}. Negotiation time: 0.668 seconds. Rounds: 11. Result: winner
/robassistant_1: negotiation completed. Configuration: {"goal": "accompany_to_room (User: G, Negotiating against: B)"}. Negotiation time: 0.559 seconds. Rounds: 9. Result: winner
/robassistant_1: negotiation completed. Configuration: {"goal": "accompany_to_room (User: G, Negotiating against: C)"}. Negotiation time: 0.709 seconds. Rounds: 14. Result: no-agreement
/robassistant_1: negotiation completed. Configuration: {"goal": "accompany_to_room (User: G, Negotiating against: D)"}. Negotiation time: 0.755 seconds. Rounds: 14. Result: loser
/robassistant_1: negotiation completed. Configuration: {"goal": "accompany_to_room (User: G, Negotiating against: E)"}. Negotiation time: 0.630 seconds. Rounds: 11. Result: winner
/robassistant_1: negotiation completed. Configuration: {"goal": "accompany_to_room (User: G, Negotiating against: F)"}. Negotiation time: 0.691 seconds. Rounds: 10. Result: loser
/robassistant_1: negotiation completed. Configuration: {"goal": "accompany_to_room (User: G, Negotiating against: H)"}. Negotiation time: 0.688 seconds. Rounds: 11. Result: loser
/robassistant_1: negotiation completed. Configuration: {"goal": "accompany_to_room (User: G, Negotiating against: I)"}. Negotiation time: 0.845 seconds. Rounds: 11. Result: winner
/robassistant_1: negotiation completed. Configuration: {"goal": "accompany_to_room (User: G, Negotiating against: J)"}. Negotiation time: 0.679 seconds. Rounds: 11. Result: winner
/robassistant_1: negotiation completed. Configuration: {"goal": "accompany_to_room (User: H, Negotiating against: A)"}. Negotiation time: 0.711 seconds. Rounds: 11. Result: winner
/robassistant_1: negotiation completed. Configuration: {"goal": "accompany_to_room (User: H, Negotiating against: B)"}. Negotiation time: 0.515 seconds. Rounds: 9. Result: winner
/robassistant_1: negotiation completed. Configuration: {"goal": "accompany_to_room (User: H, Negotiating against: C)"}. Negotiation time: 0.727 seconds. Rounds: 13. Result: winner
/robassistant_1: negotiation completed. Configuration: {"goal": "accompany_to_room (User: H, Negotiating against: D)"}. Negotiation time: 0.800 seconds. Rounds: 13. Result: winner
/robassistant_1: negotiation completed. Configuration: {"goal": "accompany_to_room (User: H, Negotiating against: E)"}. Negotiation time: 0.595 seconds. Rounds: 9. Result: winner
/robassistant_1: negotiation completed. Configuration: {"goal": "accompany_to_room (User: H, Negotiating against: F)"}. Negotiation time: 0.829 seconds. Rounds: 12. Result: winner
/robassistant_1: negotiation completed. Configuration: {"goal": "accompany_to_room (User: H, Negotiating against: G)"}. Negotiation time: 0.957 seconds. Rounds: 12. Result: winner
/robassistant_1: negotiation completed. Configuration: {"goal": "accompany_to_room (User: H, Negotiating against: I)"}. Negotiation time: 0.590 seconds. Rounds: 10. Result: winner
/robassistant_1: negotiation completed. Configuration: {"goal": "accompany_to_room (User: H, Negotiating against: J)"}. Negotiation time: 0.685 seconds. Rounds: 12. Result: winner
/robassistant_1: negotiation completed. Configuration: {"goal": "accompany_to_room (User: I, Negotiating against: A)"}. Negotiation time: 0.537 seconds. Rounds: 9. Result: winner
/robassistant_1: negotiation completed. Configuration: {"goal": "accompany_to_room (User: I, Negotiating against: B)"}. Negotiation time: 0.520 seconds. Rounds: 7. Result: winner
/robassistant_1: negotiation completed. Configuration: {"goal": "accompany_to_room (User: I, Negotiating against: C)"}. Negotiation time: 0.640 seconds. Rounds: 12. Result: loser
/robassistant_1: negotiation completed. Configuration: {"goal": "accompany_to_room (User: I, Negotiating against: D)"}. Negotiation time: 0.632 seconds. Rounds: 12. Result: loser
/robassistant_1: negotiation completed. Configuration: {"goal": "accompany_to_room (User: I, Negotiating against: E)"}. Negotiation time: 0.655 seconds. Rounds: 12. Result: no-agreement
/robassistant_1: negotiation completed. Configuration: {"goal": "accompany_to_room (User: I, Negotiating against: F)"}. Negotiation time: 0.687 seconds. Rounds: 12. Result: no-agreement
/robassistant_1: negotiation completed. Configuration: {"goal": "accompany_to_room (User: I, Negotiating against: G)"}. Negotiation time: 0.617 seconds. Rounds: 11. Result: loser
/robassistant_1: negotiation completed. Configuration: {"goal": "accompany_to_room (User: I, Negotiating against: H)"}. Negotiation time: 0.728 seconds. Rounds: 9. Result: loser
/robassistant_1: negotiation completed. Configuration: {"goal": "accompany_to_room (User: I, Negotiating against: J)"}. Negotiation time: 0.606 seconds. Rounds: 10. Result: winner
/robassistant_1: negotiation completed. Configuration: {"goal": "accompany_to_room (User: J, Negotiating against: A)"}. Negotiation time: 0.648 seconds. Rounds: 12. Result: no-agreement
/robassistant_1: negotiation completed. Configuration: {"goal": "accompany_to_room (User: J, Negotiating against: B)"}. Negotiation time: 0.583 seconds. Rounds: 11. Result: no-agreement
/robassistant_1: negotiation completed. Configuration: {"goal": "accompany_to_room (User: J, Negotiating against: C)"}. Negotiation time: 0.701 seconds. Rounds: 12. Result: loser
/robassistant_1: negotiation completed. Configuration: {"goal": "accompany_to_room (User: J, Negotiating against: D)"}. Negotiation time: 0.776 seconds. Rounds: 14. Result: loser
/robassistant_1: negotiation completed. Configuration: {"goal": "accompany_to_room (User: J, Negotiating against: E)"}. Negotiation time: 0.787 seconds. Rounds: 12. Result: no-agreement
/robassistant_1: negotiation completed. Configuration: {"goal": "accompany_to_room (User: J, Negotiating against: F)"}. Negotiation time: 0.756 seconds. Rounds: 12. Result: no-agreement
/robassistant_1: negotiation completed. Configuration: {"goal": "accompany_to_room (User: J, Negotiating against: G)"}. Negotiation time: 0.707 seconds. Rounds: 12. Result: loser
/robassistant_1: negotiation completed. Configuration: {"goal": "accompany_to_room (User: J, Negotiating against: H)"}. Negotiation time: 0.730 seconds. Rounds: 12. Result: loser
/robassistant_1: negotiation completed. Configuration: {"goal": "accompany_to_room (User: J, Negotiating against: I)"}. Negotiation time: 0.592 seconds. Rounds: 10. Result: loser
/robassistant_2: negotiation completed. Configuration: {"goal": "accompany_to_room (User: B, Negotiating against: A)"}. Negotiation time: 0.648 seconds. Rounds: 9. Result: loser
/robassistant_2: negotiation completed. Configuration: {"goal": "accompany_to_room (User: C, Negotiating against: A)"}. Negotiation time: 0.916 seconds. Rounds: 12. Result: winner
/robassistant_2: negotiation completed. Configuration: {"goal": "accompany_to_room (User: D, Negotiating against: A)"}. Negotiation time: 0.887 seconds. Rounds: 14. Result: winner
/robassistant_2: negotiation completed. Configuration: {"goal": "accompany_to_room (User: E, Negotiating against: A)"}. Negotiation time: 0.728 seconds. Rounds: 12. Result: no-agreement
/robassistant_2: negotiation completed. Configuration: {"goal": "accompany_to_room (User: F, Negotiating against: A)"}. Negotiation time: 0.744 seconds. Rounds: 10. Result: winner
/robassistant_2: negotiation completed. Configuration: {"goal": "accompany_to_room (User: G, Negotiating against: A)"}. Negotiation time: 0.697 seconds. Rounds: 12. Result: winner
/robassistant_2: negotiation completed. Configuration: {"goal": "accompany_to_room (User: H, Negotiating against: A)"}. Negotiation time: 0.686 seconds. Rounds: 12. Result: winner
/robassistant_2: negotiation completed. Configuration: {"goal": "accompany_to_room (User: I, Negotiating against: A)"}. Negotiation time: 0.555 seconds. Rounds: 9. Result: winner
/robassistant_2: negotiation completed. Configuration: {"goal": "accompany_to_room (User: J, Negotiating against: A)"}. Negotiation time: 0.590 seconds. Rounds: 12. Result: no-agreement
/robassistant_2: negotiation completed. Configuration: {"goal": "accompany_to_room (User: A, Negotiating against: B)"}. Negotiation time: 0.499 seconds. Rounds: 9. Result: winner
/robassistant_2: negotiation completed. Configuration: {"goal": "accompany_to_room (User: C, Negotiating against: B)"}. Negotiation time: 0.436 seconds. Rounds: 8. Result: winner
/robassistant_2: negotiation completed. Configuration: {"goal": "accompany_to_room (User: D, Negotiating against: B)"}. Negotiation time: 0.642 seconds. Rounds: 12. Result: winner
/robassistant_2: negotiation completed. Configuration: {"goal": "accompany_to_room (User: E, Negotiating against: B)"}. Negotiation time: 0.574 seconds. Rounds: 12. Result: no-agreement
/robassistant_2: negotiation completed. Configuration: {"goal": "accompany_to_room (User: F, Negotiating against: B)"}. Negotiation time: 0.519 seconds. Rounds: 9. Result: winner
/robassistant_2: negotiation completed. Configuration: {"goal": "accompany_to_room (User: G, Negotiating against: B)"}. Negotiation time: 0.601 seconds. Rounds: 10. Result: winner
/robassistant_2: negotiation completed. Configuration: {"goal": "accompany_to_room (User: H, Negotiating against: B)"}. Negotiation time: 0.514 seconds. Rounds: 9. Result: winner
/robassistant_2: negotiation completed. Configuration: {"goal": "accompany_to_room (User: I, Negotiating against: B)"}. Negotiation time: 0.451 seconds. Rounds: 8. Result: winner
/robassistant_2: negotiation completed. Configuration: {"goal": "accompany_to_room (User: J, Negotiating against: B)"}. Negotiation time: 0.574 seconds. Rounds: 12. Result: no-agreement
/robassistant_2: negotiation completed. Configuration: {"goal": "accompany_to_room (User: A, Negotiating against: C)"}. Negotiation time: 0.613 seconds. Rounds: 12. Result: loser
/robassistant_2: negotiation completed. Configuration: {"goal": "accompany_to_room (User: B, Negotiating against: C)"}. Negotiation time: 0.470 seconds. Rounds: 8. Result: loser
/robassistant_2: negotiation completed. Configuration: {"goal": "accompany_to_room (User: D, Negotiating against: C)"}. Negotiation time: 0.800 seconds. Rounds: 16. Result: no-agreement
/robassistant_2: negotiation completed. Configuration: {"goal": "accompany_to_room (User: E, Negotiating against: C)"}. Negotiation time: 0.596 seconds. Rounds: 9. Result: loser
/robassistant_2: negotiation completed. Configuration: {"goal": "accompany_to_room (User: F, Negotiating against: C)"}. Negotiation time: 0.658 seconds. Rounds: 14. Result: no-agreement
/robassistant_2: negotiation completed. Configuration: {"goal": "accompany_to_room (User: G, Negotiating against: C)"}. Negotiation time: 0.643 seconds. Rounds: 14. Result: no-agreement
/robassistant_2: negotiation completed. Configuration: {"goal": "accompany_to_room (User: H, Negotiating against: C)"}. Negotiation time: 0.725 seconds. Rounds: 14. Result: winner
/robassistant_2: negotiation completed. Configuration: {"goal": "accompany_to_room (User: I, Negotiating against: C)"}. Negotiation time: 0.638 seconds. Rounds: 12. Result: loser
/robassistant_2: negotiation completed. Configuration: {"goal": "accompany_to_room (User: J, Negotiating against: C)"}. Negotiation time: 0.602 seconds. Rounds: 11. Result: loser
/robassistant_2: negotiation completed. Configuration: {"goal": "accompany_to_room (User: A, Negotiating against: D)"}. Negotiation time: 0.728 seconds. Rounds: 14. Result: loser
/robassistant_2: negotiation completed. Configuration: {"goal": "accompany_to_room (User: B, Negotiating against: D)"}. Negotiation time: 0.696 seconds. Rounds: 11. Result: loser
/robassistant_2: negotiation completed. Configuration: {"goal": "accompany_to_room (User: C, Negotiating against: D)"}. Negotiation time: 0.728 seconds. Rounds: 16. Result: no-agreement
/robassistant_2: negotiation completed. Configuration: {"goal": "accompany_to_room (User: E, Negotiating against: D)"}. Negotiation time: 0.632 seconds. Rounds: 12. Result: loser
/robassistant_2: negotiation completed. Configuration: {"goal": "accompany_to_room (User: F, Negotiating against: D)"}. Negotiation time: 0.676 seconds. Rounds: 14. Result: loser
/robassistant_2: negotiation completed. Configuration: {"goal": "accompany_to_room (User: G, Negotiating against: D)"}. Negotiation time: 0.780 seconds. Rounds: 14. Result: loser
/robassistant_2: negotiation completed. Configuration: {"goal": "accompany_to_room (User: H, Negotiating against: D)"}. Negotiation time: 0.822 seconds. Rounds: 13. Result: winner
/robassistant_2: negotiation completed. Configuration: {"goal": "accompany_to_room (User: I, Negotiating against: D)"}. Negotiation time: 0.621 seconds. Rounds: 12. Result: loser
/robassistant_2: negotiation completed. Configuration: {"goal": "accompany_to_room (User: J, Negotiating against: D)"}. Negotiation time: 0.710 seconds. Rounds: 14. Result: loser
/robassistant_2: negotiation completed. Configuration: {"goal": "accompany_to_room (User: A, Negotiating against: E)"}. Negotiation time: 0.590 seconds. Rounds: 12. Result: no-agreement
/robassistant_2: negotiation completed. Configuration: {"goal": "accompany_to_room (User: B, Negotiating against: E)"}. Negotiation time: 0.596 seconds. Rounds: 12. Result: no-agreement
/robassistant_2: negotiation completed. Configuration: {"goal": "accompany_to_room (User: C, Negotiating against: E)"}. Negotiation time: 0.659 seconds. Rounds: 9. Result: winner
/robassistant_2: negotiation completed. Configuration: {"goal": "accompany_to_room (User: D, Negotiating against: E)"}. Negotiation time: 0.550 seconds. Rounds: 11. Result: winner
/robassistant_2: negotiation completed. Configuration: {"goal": "accompany_to_room (User: F, Negotiating against: E)"}. Negotiation time: 0.585 seconds. Rounds: 12. Result: no-agreement
/robassistant_2: negotiation completed. Configuration: {"goal": "accompany_to_room (User: G, Negotiating against: E)"}. Negotiation time: 0.659 seconds. Rounds: 12. Result: winner
/robassistant_2: negotiation completed. Configuration: {"goal": "accompany_to_room (User: H, Negotiating against: E)"}. Negotiation time: 0.441 seconds. Rounds: 9. Result: winner
/robassistant_2: negotiation completed. Configuration: {"goal": "accompany_to_room (User: I, Negotiating against: E)"}. Negotiation time: 0.585 seconds. Rounds: 12. Result: no-agreement
/robassistant_2: negotiation completed. Configuration: {"goal": "accompany_to_room (User: J, Negotiating against: E)"}. Negotiation time: 0.695 seconds. Rounds: 12. Result: no-agreement
/robassistant_2: negotiation completed. Configuration: {"goal": "accompany_to_room (User: A, Negotiating against: F)"}. Negotiation time: 0.746 seconds. Rounds: 10. Result: loser
/robassistant_2: negotiation completed. Configuration: {"goal": "accompany_to_room (User: B, Negotiating against: F)"}. Negotiation time: 0.492 seconds. Rounds: 9. Result: loser
/robassistant_2: negotiation completed. Configuration: {"goal": "accompany_to_room (User: C, Negotiating against: F)"}. Negotiation time: 0.707 seconds. Rounds: 14. Result: no-agreement
/robassistant_2: negotiation completed. Configuration: {"goal": "accompany_to_room (User: D, Negotiating against: F)"}. Negotiation time: 0.795 seconds. Rounds: 14. Result: winner
/robassistant_2: negotiation completed. Configuration: {"goal": "accompany_to_room (User: E, Negotiating against: F)"}. Negotiation time: 0.654 seconds. Rounds: 12. Result: no-agreement
/robassistant_2: negotiation completed. Configuration: {"goal": "accompany_to_room (User: G, Negotiating against: F)"}. Negotiation time: 0.648 seconds. Rounds: 10. Result: loser
/robassistant_2: negotiation completed. Configuration: {"goal": "accompany_to_room (User: H, Negotiating against: F)"}. Negotiation time: 0.786 seconds. Rounds: 12. Result: winner
/robassistant_2: negotiation completed. Configuration: {"goal": "accompany_to_room (User: I, Negotiating against: F)"}. Negotiation time: 0.645 seconds. Rounds: 12. Result: no-agreement
/robassistant_2: negotiation completed. Configuration: {"goal": "accompany_to_room (User: J, Negotiating against: F)"}. Negotiation time: 0.643 seconds. Rounds: 12. Result: no-agreement
/robassistant_2: negotiation completed. Configuration: {"goal": "accompany_to_room (User: A, Negotiating against: G)"}. Negotiation time: 0.619 seconds. Rounds: 11. Result: loser
/robassistant_2: negotiation completed. Configuration: {"goal": "accompany_to_room (User: B, Negotiating against: G)"}. Negotiation time: 0.511 seconds. Rounds: 9. Result: loser
/robassistant_2: negotiation completed. Configuration: {"goal": "accompany_to_room (User: C, Negotiating against: G)"}. Negotiation time: 0.675 seconds. Rounds: 14. Result: no-agreement
/robassistant_2: negotiation completed. Configuration: {"goal": "accompany_to_room (User: D, Negotiating against: G)"}. Negotiation time: 0.738 seconds. Rounds: 14. Result: winner
/robassistant_2: negotiation completed. Configuration: {"goal": "accompany_to_room (User: E, Negotiating against: G)"}. Negotiation time: 0.584 seconds. Rounds: 11. Result: loser
/robassistant_2: negotiation completed. Configuration: {"goal": "accompany_to_room (User: F, Negotiating against: G)"}. Negotiation time: 0.647 seconds. Rounds: 10. Result: winner
/robassistant_2: negotiation completed. Configuration: {"goal": "accompany_to_room (User: H, Negotiating against: G)"}. Negotiation time: 0.656 seconds. Rounds: 11. Result: winner
/robassistant_2: negotiation completed. Configuration: {"goal": "accompany_to_room (User: I, Negotiating against: G)"}. Negotiation time: 0.795 seconds. Rounds: 11. Result: loser
/robassistant_2: negotiation completed. Configuration: {"goal": "accompany_to_room (User: J, Negotiating against: G)"}. Negotiation time: 0.643 seconds. Rounds: 11. Result: loser
/robassistant_2: negotiation completed. Configuration: {"goal": "accompany_to_room (User: A, Negotiating against: H)"}. Negotiation time: 0.659 seconds. Rounds: 11. Result: loser
/robassistant_2: negotiation completed. Configuration: {"goal": "accompany_to_room (User: B, Negotiating against: H)"}. Negotiation time: 0.465 seconds. Rounds: 9. Result: loser
/robassistant_2: negotiation completed. Configuration: {"goal": "accompany_to_room (User: C, Negotiating against: H)"}. Negotiation time: 0.677 seconds. Rounds: 13. Result: loser
/robassistant_2: negotiation completed. Configuration: {"goal": "accompany_to_room (User: D, Negotiating against: H)"}. Negotiation time: 0.741 seconds. Rounds: 13. Result: loser
/robassistant_2: negotiation completed. Configuration: {"goal": "accompany_to_room (User: E, Negotiating against: H)"}. Negotiation time: 0.538 seconds. Rounds: 9. Result: loser
/robassistant_2: negotiation completed. Configuration: {"goal": "accompany_to_room (User: F, Negotiating against: H)"}. Negotiation time: 0.759 seconds. Rounds: 12. Result: loser
/robassistant_2: negotiation completed. Configuration: {"goal": "accompany_to_room (User: G, Negotiating against: H)"}. Negotiation time: 0.867 seconds. Rounds: 12. Result: loser
/robassistant_2: negotiation completed. Configuration: {"goal": "accompany_to_room (User: I, Negotiating against: H)"}. Negotiation time: 0.537 seconds. Rounds: 10. Result: loser
/robassistant_2: negotiation completed. Configuration: {"goal": "accompany_to_room (User: J, Negotiating against: H)"}. Negotiation time: 0.638 seconds. Rounds: 12. Result: loser
/robassistant_2: negotiation completed. Configuration: {"goal": "accompany_to_room (User: A, Negotiating against: I)"}. Negotiation time: 0.481 seconds. Rounds: 9. Result: loser
/robassistant_2: negotiation completed. Configuration: {"goal": "accompany_to_room (User: B, Negotiating against: I)"}. Negotiation time: 0.467 seconds. Rounds: 7. Result: loser
/robassistant_2: negotiation completed. Configuration: {"goal": "accompany_to_room (User: C, Negotiating against: I)"}. Negotiation time: 0.604 seconds. Rounds: 12. Result: winner
/robassistant_2: negotiation completed. Configuration: {"goal": "accompany_to_room (User: D, Negotiating against: I)"}. Negotiation time: 0.598 seconds. Rounds: 12. Result: winner
/robassistant_2: negotiation completed. Configuration: {"goal": "accompany_to_room (User: E, Negotiating against: I)"}. Negotiation time: 0.611 seconds. Rounds: 12. Result: no-agreement
/robassistant_2: negotiation completed. Configuration: {"goal": "accompany_to_room (User: F, Negotiating against: I)"}. Negotiation time: 0.640 seconds. Rounds: 12. Result: no-agreement
/robassistant_2: negotiation completed. Configuration: {"goal": "accompany_to_room (User: G, Negotiating against: I)"}. Negotiation time: 0.587 seconds. Rounds: 11. Result: winner
/robassistant_2: negotiation completed. Configuration: {"goal": "accompany_to_room (User: H, Negotiating against: I)"}. Negotiation time: 0.671 seconds. Rounds: 9. Result: winner
/robassistant_2: negotiation completed. Configuration: {"goal": "accompany_to_room (User: J, Negotiating against: I)"}. Negotiation time: 0.550 seconds. Rounds: 10. Result: loser
/robassistant_2: negotiation completed. Configuration: {"goal": "accompany_to_room (User: A, Negotiating against: J)"}. Negotiation time: 0.606 seconds. Rounds: 12. Result: no-agreement
/robassistant_2: negotiation completed. Configuration: {"goal": "accompany_to_room (User: B, Negotiating against: J)"}. Negotiation time: 0.532 seconds. Rounds: 11. Result: no-agreement
/robassistant_2: negotiation completed. Configuration: {"goal": "accompany_to_room (User: C, Negotiating against: J)"}. Negotiation time: 0.670 seconds. Rounds: 12. Result: winner
/robassistant_2: negotiation completed. Configuration: {"goal": "accompany_to_room (User: D, Negotiating against: J)"}. Negotiation time: 0.747 seconds. Rounds: 14. Result: winner
/robassistant_2: negotiation completed. Configuration: {"goal": "accompany_to_room (User: E, Negotiating against: J)"}. Negotiation time: 0.742 seconds. Rounds: 12. Result: no-agreement
/robassistant_2: negotiation completed. Configuration: {"goal": "accompany_to_room (User: F, Negotiating against: J)"}. Negotiation time: 0.691 seconds. Rounds: 12. Result: no-agreement
/robassistant_2: negotiation completed. Configuration: {"goal": "accompany_to_room (User: G, Negotiating against: J)"}. Negotiation time: 0.680 seconds. Rounds: 12. Result: winner
/robassistant_2: negotiation completed. Configuration: {"goal": "accompany_to_room (User: H, Negotiating against: J)"}. Negotiation time: 0.692 seconds. Rounds: 12. Result: winner
/robassistant_2: negotiation completed. Configuration: {"goal": "accompany_to_room (User: I, Negotiating against: J)"}. Negotiation time: 0.562 seconds. Rounds: 10. Result: winner