/robassistant_2: negotiation completed. Configuration: {"goal": "navigate_to_gate (User: B, Negotiating against: A)"}. Negotiation time: 0.214 seconds. Rounds: 10. Result: no-agreement
/robassistant_1: negotiation completed. Configuration: {"goal": "navigate_to_gate (User: A, Negotiating against: B)"}. Negotiation time: 0.276 seconds. Rounds: 10. Result: no-agreement
/robassistant_2: negotiation completed. Configuration: {"goal": "navigate_to_gate (User: C, Negotiating against: A)"}. Negotiation time: 0.276 seconds. Rounds: 14. Result: no-agreement
/robassistant_1: negotiation completed. Configuration: {"goal": "navigate_to_gate (User: A, Negotiating against: C)"}. Negotiation time: 0.327 seconds. Rounds: 14. Result: no-agreement
/robassistant_1: negotiation completed. Configuration: {"goal": "navigate_to_gate (User: A, Negotiating against: D)"}. Negotiation time: 0.327 seconds. Rounds: 15. Result: loser
/robassistant_2: negotiation completed. Configuration: {"goal": "navigate_to_gate (User: D, Negotiating against: A)"}. Negotiation time: 0.286 seconds. Rounds: 15. Result: winner
/robassistant_1: negotiation completed. Configuration: {"goal": "navigate_to_gate (User: A, Negotiating against: E)"}. Negotiation time: 0.308 seconds. Rounds: 15. Result: loser
/robassistant_2: negotiation completed. Configuration: {"goal": "navigate_to_gate (User: E, Negotiating against: A)"}. Negotiation time: 0.262 seconds. Rounds: 15. Result: winner
/robassistant_1: negotiation completed. Configuration: {"goal": "navigate_to_gate (User: A, Negotiating against: F)"}. Negotiation time: 0.346 seconds. Rounds: 9. Result: loser
/robassistant_2: negotiation completed. Configuration: {"goal": "navigate_to_gate (User: F, Negotiating against: A)"}. Negotiation time: 0.309 seconds. Rounds: 9. Result: winner
/robassistant_1: negotiation completed. Configuration: {"goal": "navigate_to_gate (User: A, Negotiating against: G)"}. Negotiation time: 0.381 seconds. Rounds: 9. Result: loser
/robassistant_2: negotiation completed. Configuration: {"goal": "navigate_to_gate (User: G, Negotiating against: A)"}. Negotiation time: 0.316 seconds. Rounds: 9. Result: winner
/robassistant_1: negotiation completed. Configuration: {"goal": "navigate_to_gate (User: A, Negotiating against: H)"}. Negotiation time: 0.296 seconds. Rounds: 8. Result: loser
/robassistant_2: negotiation completed. Configuration: {"goal": "navigate_to_gate (User: H, Negotiating against: A)"}. Negotiation time: 0.223 seconds. Rounds: 8. Result: winner
/robassistant_2: negotiation completed. Configuration: {"goal": "navigate_to_gate (User: I, Negotiating against: A)"}. Negotiation time: 0.277 seconds. Rounds: 10. Result: no-agreement
/robassistant_1: negotiation completed. Configuration: {"goal": "navigate_to_gate (User: A, Negotiating against: I)"}. Negotiation time: 0.349 seconds. Rounds: 10. Result: no-agreement
/robassistant_2: negotiation completed. Configuration: {"goal": "navigate_to_gate (User: J, Negotiating against: A)"}. Negotiation time: 0.291 seconds. Rounds: 12. Result: no-agreement
/robassistant_1: negotiation completed. Configuration: {"goal": "navigate_to_gate (User: A, Negotiating against: J)"}. Negotiation time: 0.372 seconds. Rounds: 12. Result: no-agreement
/robassistant_1: negotiation completed. Configuration: {"goal": "navigate_to_gate (User: B, Negotiating against: A)"}. Negotiation time: 0.249 seconds. Rounds: 10. Result: no-agreement
/robassistant_2: negotiation completed. Configuration: {"goal": "navigate_to_gate (User: A, Negotiating against: B)"}. Negotiation time: 0.197 seconds. Rounds: 10. Result: no-agreement
/robassistant_1: negotiation completed. Configuration: {"goal": "navigate_to_gate (User: B, Negotiating against: C)"}. Negotiation time: 0.399 seconds. Rounds: 11. Result: loser
/robassistant_2: negotiation completed. Configuration: {"goal": "navigate_to_gate (User: C, Negotiating against: B)"}. Negotiation time: 0.352 seconds. Rounds: 11. Result: winner
/robassistant_1: negotiation completed. Configuration: {"goal": "navigate_to_gate (User: B, Negotiating against: D)"}. Negotiation time: 0.397 seconds. Rounds: 16. Result: loser
/robassistant_2: negotiation completed. Configuration: {"goal": "navigate_to_gate (User: D, Negotiating against: B)"}. Negotiation time: 0.330 seconds. Rounds: 16. Result: winner
/robassistant_2: negotiation completed. Configuration: {"goal": "navigate_to_gate (User: E, Negotiating against: B)"}. Negotiation time: 0.395 seconds. Rounds: 15. Result: winner
/robassistant_1: negotiation completed. Configuration: {"goal": "navigate_to_gate (User: B, Negotiating against: E)"}. Negotiation time: 0.469 seconds. Rounds: 15. Result: loser
/robassistant_2: negotiation completed. Configuration: {"goal": "navigate_to_gate (User: F, Negotiating against: B)"}. Negotiation time: 0.322 seconds. Rounds: 12. Result: no-agreement
/robassistant_1: negotiation completed. Configuration: {"goal": "navigate_to_gate (User: B, Negotiating against: F)"}. Negotiation time: 0.398 seconds. Rounds: 12. Result: no-agreement
/robassistant_1: negotiation completed. Configuration: {"goal": "navigate_to_gate (User: B, Negotiating against: G)"}. Negotiation time: 0.324 seconds. Rounds: 12. Result: loser
/robassistant_2: negotiation completed. Configuration: {"goal": "navigate_to_gate (User: G, Negotiating against: B)"}. Negotiation time: 0.277 seconds. Rounds: 12. Result: winner
/robassistant_1: negotiation completed. Configuration: {"goal": "navigate_to_gate (User: B, Negotiating against: H)"}. Negotiation time: 0.275 seconds. Rounds: 10. Result: loser
/robassistant_2: negotiation completed. Configuration: {"goal": "navigate_to_gate (User: H, Negotiating against: B)"}. Negotiation time: 0.231 seconds. Rounds: 10. Result: winner
/robassistant_2: negotiation completed. Configuration: {"goal": "navigate_to_gate (User: I, Negotiating against: B)"}. Negotiation time: 0.219 seconds. Rounds: 10. Result: no-agreement
/robassistant_1: negotiation completed. Configuration: {"goal": "navigate_to_gate (User: B, Negotiating against: I)"}. Negotiation time: 0.303 seconds. Rounds: 10. Result: no-agreement
/robassistant_1: negotiation completed. Configuration: {"goal": "navigate_to_gate (User: B, Negotiating against: J)"}. Negotiation time: 0.288 seconds. Rounds: 10. Result: loser
/robassistant_2: negotiation completed. Configuration: {"goal": "navigate_to_gate (User: J, Negotiating against: B)"}. Negotiation time: 0.259 seconds. Rounds: 10. Result: winner
/robassistant_1: negotiation completed. Configuration: {"goal": "navigate_to_gate (User: C, Negotiating against: A)"}. Negotiation time: 0.320 seconds. Rounds: 14. Result: no-agreement
/robassistant_2: negotiation completed. Configuration: {"goal": "navigate_to_gate (User: A, Negotiating against: C)"}. Negotiation time: 0.240 seconds. Rounds: 14. Result: no-agreement
/robassistant_2: negotiation completed. Configuration: {"goal": "navigate_to_gate (User: B, Negotiating against: C)"}. Negotiation time: 0.225 seconds. Rounds: 11. Result: loser
/robassistant_1: negotiation completed. Configuration: {"goal": "navigate_to_gate (User: C, Negotiating against: B)"}. Negotiation time: 0.280 seconds. Rounds: 11. Result: winner
/robassistant_1: negotiation completed. Configuration: {"goal": "navigate_to_gate (User: C, Negotiating against: D)"}. Negotiation time: 0.451 seconds. Rounds: 16. Result: loser
/robassistant_2: negotiation completed. Configuration: {"goal": "navigate_to_gate (User: D, Negotiating against: C)"}. Negotiation time: 0.364 seconds. Rounds: 16. Result: winner
/robassistant_1: negotiation completed. Configuration: {"goal": "navigate_to_gate (User: C, Negotiating against: E)"}. Negotiation time: 0.418 seconds. Rounds: 16. Result: loser
/robassistant_2: negotiation completed. Configuration: {"goal": "navigate_to_gate (User: E, Negotiating against: C)"}. Negotiation time: 0.336 seconds. Rounds: 16. Result: winner
/robassistant_1: negotiation completed. Configuration: {"goal": "navigate_to_gate (User: C, Negotiating against: F)"}. Negotiation time: 0.483 seconds. Rounds: 13. Result: no-agreement
/robassistant_2: negotiation completed. Configuration: {"goal": "navigate_to_gate (User: F, Negotiating against: C)"}. Negotiation time: 0.411 seconds. Rounds: 13. Result: no-agreement
/robassistant_1: negotiation completed. Configuration: {"goal": "navigate_to_gate (User: C, Negotiating against: G)"}. Negotiation time: 0.350 seconds. Rounds: 14. Result: loser
/robassistant_2: negotiation completed. Configuration: {"goal": "navigate_to_gate (User: G, Negotiating against: C)"}. Negotiation time: 0.299 seconds. Rounds: 14. Result: winner
/robassistant_1: negotiation completed. Configuration: {"goal": "navigate_to_gate (User: C, Negotiating against: H)"}. Negotiation time: 0.298 seconds. Rounds: 13. Result: loser
/robassistant_2: negotiation completed. Configuration: {"goal": "navigate_to_gate (User: H, Negotiating against: C)"}. Negotiation time: 0.294 seconds. Rounds: 13. Result: winner
/robassistant_2: negotiation completed. Configuration: {"goal": "navigate_to_gate (User: I, Negotiating against: C)"}. Negotiation time: 0.313 seconds. Rounds: 11. Result: loser
/robassistant_1: negotiation completed. Configuration: {"goal": "navigate_to_gate (User: C, Negotiating against: I)"}. Negotiation time: 0.381 seconds. Rounds: 11. Result: winner
/robassistant_1: negotiation completed. Configuration: {"goal": "navigate_to_gate (User: C, Negotiating against: J)"}. Negotiation time: 0.358 seconds. Rounds: 13. Result: no-agreement
/robassistant_2: negotiation completed. Configuration: {"goal": "navigate_to_gate (User: J, Negotiating against: C)"}. Negotiation time: 0.292 seconds. Rounds: 13. Result: no-agreement
/robassistant_2: negotiation completed. Configuration: {"goal": "navigate_to_gate (User: A, Negotiating against: D)"}. Negotiation time: 0.279 seconds. Rounds: 16. Result: loser
/robassistant_1: negotiation completed. Configuration: {"goal": "navigate_to_gate (User: D, Negotiating against: A)"}. Negotiation time: 0.355 seconds. Rounds: 16. Result: winner
/robassistant_2: negotiation completed. Configuration: {"goal": "navigate_to_gate (User: B, Negotiating against: D)"}. Negotiation time: 0.346 seconds. Rounds: 15. Result: loser
/robassistant_1: negotiation completed. Configuration: {"goal": "navigate_to_gate (User: D, Negotiating against: B)"}. Negotiation time: 0.423 seconds. Rounds: 15. Result: winner
/robassistant_2: negotiation completed. Configuration: {"goal": "navigate_to_gate (User: C, Negotiating against: D)"}. Negotiation time: 0.397 seconds. Rounds: 16. Result: loser
/robassistant_1: negotiation completed. Configuration: {"goal": "navigate_to_gate (User: D, Negotiating against: C)"}. Negotiation time: 0.497 seconds. Rounds: 16. Result: winner
/robassistant_2: negotiation completed. Configuration: {"goal": "navigate_to_gate (User: E, Negotiating against: D)"}. Negotiation time: 0.482 seconds. Rounds: 18. Result: no-agreement
/robassistant_1: negotiation completed. Configuration: {"goal": "navigate_to_gate (User: D, Negotiating against: E)"}. Negotiation time: 0.555 seconds. Rounds: 18. Result: no-agreement
/robassistant_2: negotiation completed. Configuration: {"goal": "navigate_to_gate (User: F, Negotiating against: D)"}. Negotiation time: 0.426 seconds. Rounds: 15. Result: loser
/robassistant_1: negotiation completed. Configuration: {"goal": "navigate_to_gate (User: D, Negotiating against: F)"}. Negotiation time: 0.488 seconds. Rounds: 15. Result: winner
/robassistant_2: negotiation completed. Configuration: {"goal": "navigate_to_gate (User: G, Negotiating against: D)"}. Negotiation time: 0.402 seconds. Rounds: 15. Result: loser
/robassistant_1: negotiation completed. Configuration: {"goal": "navigate_to_gate (User: D, Negotiating against: G)"}. Negotiation time: 0.485 seconds. Rounds: 15. Result: winner
/robassistant_2: negotiation completed. Configuration: {"goal": "navigate_to_gate (User: H, Negotiating against: D)"}. Negotiation time: 0.331 seconds. Rounds: 15. Result: winner
/robassistant_1: negotiation completed. Configuration: {"goal": "navigate_to_gate (User: D, Negotiating against: H)"}. Negotiation time: 0.403 seconds. Rounds: 15. Result: loser
/robassistant_2: negotiation completed. Configuration: {"goal": "navigate_to_gate (User: I, Negotiating against: D)"}. Negotiation time: 0.297 seconds. Rounds: 11. Result: loser
/robassistant_1: negotiation completed. Configuration: {"goal": "navigate_to_gate (User: D, Negotiating against: I)"}. Negotiation time: 0.392 seconds. Rounds: 11. Result: winner
/robassistant_1: negotiation completed. Configuration: {"goal": "navigate_to_gate (User: D, Negotiating against: J)"}. Negotiation time: 0.414 seconds. Rounds: 14. Result: winner
/robassistant_2: negotiation completed. Configuration: {"goal": "navigate_to_gate (User: J, Negotiating against: D)"}. Negotiation time: 0.366 seconds. Rounds: 14. Result: loser
/robassistant_1: negotiation completed. Configuration: {"goal": "navigate_to_gate (User: E, Negotiating against: A)"}. Negotiation time: 0.402 seconds. Rounds: 15. Result: winner
/robassistant_2: negotiation completed. Configuration: {"goal": "navigate_to_gate (User: A, Negotiating against: E)"}. Negotiation time: 0.308 seconds. Rounds: 15. Result: loser
/robassistant_2: negotiation completed. Configuration: {"goal": "navigate_to_gate (User: B, Negotiating against: E)"}. Negotiation time: 0.336 seconds. Rounds: 15. Result: loser
/robassistant_1: negotiation completed. Configuration: {"goal": "navigate_to_gate (User: E, Negotiating against: B)"}. Negotiation time: 0.421 seconds. Rounds: 15. Result: winner
/robassistant_1: negotiation completed. Configuration: {"goal": "navigate_to_gate (User: E, Negotiating against: C)"}. Negotiation time: 0.608 seconds. Rounds: 15. Result: winner
/robassistant_2: negotiation completed. Configuration: {"goal": "navigate_to_gate (User: C, Negotiating against: E)"}. Negotiation time: 0.497 seconds. Rounds: 15. Result: loser
/robassistant_1: negotiation completed. Configuration: {"goal": "navigate_to_gate (User: E, Negotiating against: D)"}. Negotiation time: 0.527 seconds. Rounds: 18. Result: no-agreement
/robassistant_2: negotiation completed. Configuration: {"goal": "navigate_to_gate (User: D, Negotiating against: E)"}. Negotiation time: 0.441 seconds. Rounds: 18. Result: no-agreement
/robassistant_2: negotiation completed. Configuration: {"goal": "navigate_to_gate (User: F, Negotiating against: E)"}. Negotiation time: 0.484 seconds. Rounds: 16. Result: loser
/robassistant_1: negotiation completed. Configuration: {"goal": "navigate_to_gate (User: E, Negotiating against: F)"}. Negotiation time: 0.595 seconds. Rounds: 16. Result: winner
/robassistant_2: negotiation completed. Configuration: {"goal": "navigate_to_gate (User: G, Negotiating against: E)"}. Negotiation time: 0.363 seconds. Rounds: 15. Result: loser
/robassistant_1: negotiation completed. Configuration: {"goal": "navigate_to_gate (User: E, Negotiating against: G)"}. Negotiation time: 0.522 seconds. Rounds: 15. Result: winner
/robassistant_1: negotiation completed. Configuration: {"goal": "navigate_to_gate (User: E, Negotiating against: H)"}. Negotiation time: 0.473 seconds. Rounds: 18. Result: loser
/robassistant_2: negotiation completed. Configuration: {"goal": "navigate_to_gate (User: H, Negotiating against: E)"}. Negotiation time: 0.449 seconds. Rounds: 18. Result: winner
/robassistant_2: negotiation completed. Configuration: {"goal": "navigate_to_gate (User: I, Negotiating against: E)"}. Negotiation time: 0.232 seconds. Rounds: 11. Result: loser
/robassistant_1: negotiation completed. Configuration: {"goal": "navigate_to_gate (User: E, Negotiating against: I)"}. Negotiation time: 0.343 seconds. Rounds: 11. Result: winner
/robassistant_2: negotiation completed. Configuration: {"goal": "navigate_to_gate (User: J, Negotiating against: E)"}. Negotiation time: 0.258 seconds. Rounds: 13. Result: loser
/robassistant_1: negotiation completed. Configuration: {"goal": "navigate_to_gate (User: E, Negotiating against: J)"}. Negotiation time: 0.355 seconds. Rounds: 13. Result: winner
/robassistant_2: negotiation completed. Configuration: {"goal": "navigate_to_gate (User: A, Negotiating against: F)"}. Negotiation time: 0.311 seconds. Rounds: 10. Result: loser
/robassistant_1: negotiation completed. Configuration: {"goal": "navigate_to_gate (User: F, Negotiating against: A)"}. Negotiation time: 0.386 seconds. Rounds: 10. Result: winner
/robassistant_1: negotiation completed. Configuration: {"goal": "navigate_to_gate (User: F, Negotiating against: B)"}. Negotiation time: 0.362 seconds. Rounds: 12. Result: no-agreement
/robassistant_2: negotiation completed. Configuration: {"goal": "navigate_to_gate (User: B, Negotiating against: F)"}. Negotiation time: 0.299 seconds. Rounds: 12. Result: no-agreement
/robassistant_2: negotiation completed. Configuration: {"goal": "navigate_to_gate (User: C, Negotiating against: F)"}. Negotiation time: 0.199 seconds. Rounds: 13. Result: no-agreement
/robassistant_1: negotiation completed. Configuration: {"goal": "navigate_to_gate (User: F, Negotiating against: C)"}. Negotiation time: 0.253 seconds. Rounds: 13. Result: no-agreement
/robassistant_2: negotiation completed. Configuration: {"goal": "navigate_to_gate (User: D, Negotiating against: F)"}. Negotiation time: 0.399 seconds. Rounds: 16. Result: winner
/robassistant_1: negotiation completed. Configuration: {"goal": "navigate_to_gate (User: F, Negotiating against: D)"}. Negotiation time: 0.445 seconds. Rounds: 16. Result: loser
/robassistant_2: negotiation completed. Configuration: {"goal": "navigate_to_gate (User: E, Negotiating against: F)"}. Negotiation time: 0.460 seconds. Rounds: 16. Result: winner
/robassistant_1: negotiation completed. Configuration: {"goal": "navigate_to_gate (User: F, Negotiating against: E)"}. Negotiation time: 0.551 seconds. Rounds: 16. Result: loser
/robassistant_2: negotiation completed. Configuration: {"goal": "navigate_to_gate (User: G, Negotiating against: F)"}. Negotiation time: 0.316 seconds. Rounds: 13. Result: winner
/robassistant_1: negotiation completed. Configuration: {"goal": "navigate_to_gate (User: F, Negotiating against: G)"}. Negotiation time: 0.364 seconds. Rounds: 13. Result: loser
/robassistant_2: negotiation completed. Configuration: {"goal": "navigate_to_gate (User: H, Negotiating against: F)"}. Negotiation time: 0.386 seconds. Rounds: 16. Result: winner
/robassistant_1: negotiation completed. Configuration: {"goal": "navigate_to_gate (User: F, Negotiating against: H)"}. Negotiation time: 0.441 seconds. Rounds: 16. Result: loser
/robassistant_2: negotiation completed. Configuration: {"goal": "navigate_to_gate (User: I, Negotiating against: F)"}. Negotiation time: 0.300 seconds. Rounds: 10. Result: loser
/robassistant_1: negotiation completed. Configuration: {"goal": "navigate_to_gate (User: F, Negotiating against: I)"}. Negotiation time: 0.377 seconds. Rounds: 10. Result: winner
/robassistant_2: negotiation completed. Configuration: {"goal": "navigate_to_gate (User: J, Negotiating against: F)"}. Negotiation time: 0.239 seconds. Rounds: 12. Result: no-agreement
/robassistant_1: negotiation completed. Configuration: {"goal": "navigate_to_gate (User: F, Negotiating against: J)"}. Negotiation time: 0.298 seconds. Rounds: 12. Result: no-agreement
/robassistant_1: negotiation completed. Configuration: {"goal": "navigate_to_gate (User: G, Negotiating against: A)"}. Negotiation time: 0.363 seconds. Rounds: 10. Result: winner
/robassistant_2: negotiation completed. Configuration: {"goal": "navigate_to_gate (User: A, Negotiating against: G)"}. Negotiation time: 0.315 seconds. Rounds: 10. Result: loser
/robassistant_2: negotiation completed. Configuration: {"goal": "navigate_to_gate (User: B, Negotiating against: G)"}. Negotiation time: 0.316 seconds. Rounds: 12. Result: loser
/robassistant_1: negotiation completed. Configuration: {"goal": "navigate_to_gate (User: G, Negotiating against: B)"}. Negotiation time: 0.344 seconds. Rounds: 12. Result: winner
/robassistant_1: negotiation completed. Configuration: {"goal": "navigate_to_gate (User: G, Negotiating against: C)"}. Negotiation time: 0.429 seconds. Rounds: 14. Result: winner
/robassistant_2: negotiation completed. Configuration: {"goal": "navigate_to_gate (User: C, Negotiating against: G)"}. Negotiation time: 0.374 seconds. Rounds: 14. Result: loser
/robassistant_1: negotiation completed. Configuration: {"goal": "navigate_to_gate (User: G, Negotiating against: D)"}. Negotiation time: 0.418 seconds. Rounds: 15. Result: loser
/robassistant_2: negotiation completed. Configuration: {"goal": "navigate_to_gate (User: D, Negotiating against: G)"}. Negotiation time: 0.370 seconds. Rounds: 15. Result: winner
/robassistant_1: negotiation completed. Configuration: {"goal": "navigate_to_gate (User: G, Negotiating against: E)"}. Negotiation time: 0.346 seconds. Rounds: 16. Result: loser
/robassistant_2: negotiation completed. Configuration: {"goal": "navigate_to_gate (User: E, Negotiating against: G)"}. Negotiation time: 0.286 seconds. Rounds: 16. Result: winner
/robassistant_2: negotiation completed. Configuration: {"goal": "navigate_to_gate (User: F, Negotiating against: G)"}. Negotiation time: 0.375 seconds. Rounds: 13. Result: loser
/robassistant_1: negotiation completed. Configuration: {"goal": "navigate_to_gate (User: G, Negotiating against: F)"}. Negotiation time: 0.469 seconds. Rounds: 13. Result: winner
/robassistant_1: negotiation completed. Configuration: {"goal": "navigate_to_gate (User: G, Negotiating against: H)"}. Negotiation time: 0.337 seconds. Rounds: 12. Result: loser
/robassistant_2: negotiation completed. Configuration: {"goal": "navigate_to_gate (User: H, Negotiating against: G)"}. Negotiation time: 0.318 seconds. Rounds: 12. Result: winner
/robassistant_2: negotiation completed. Configuration: {"goal": "navigate_to_gate (User: I, Negotiating against: G)"}. Negotiation time: 0.313 seconds. Rounds: 12. Result: loser
/robassistant_1: negotiation completed. Configuration: {"goal": "navigate_to_gate (User: G, Negotiating against: I)"}. Negotiation time: 0.403 seconds. Rounds: 12. Result: winner
/robassistant_2: negotiation completed. Configuration: {"goal": "navigate_to_gate (User: J, Negotiating against: G)"}. Negotiation time: 0.305 seconds. Rounds: 14. Result: loser
/robassistant_1: negotiation completed. Configuration: {"goal": "navigate_to_gate (User: G, Negotiating against: J)"}. Negotiation time: 0.377 seconds. Rounds: 14. Result: winner
/robassistant_2: negotiation completed. Configuration: {"goal": "navigate_to_gate (User: A, Negotiating against: H)"}. Negotiation time: 0.272 seconds. Rounds: 8. Result: loser
/robassistant_1: negotiation completed. Configuration: {"goal": "navigate_to_gate (User: H, Negotiating against: A)"}. Negotiation time: 0.343 seconds. Rounds: 8. Result: winner
/robassistant_2: negotiation completed. Configuration: {"goal": "navigate_to_gate (User: B, Negotiating against: H)"}. Negotiation time: 0.200 seconds. Rounds: 10. Result: loser
/robassistant_1: negotiation completed. Configuration: {"goal": "navigate_to_gate (User: H, Negotiating against: B)"}. Negotiation time: 0.261 seconds. Rounds: 10. Result: winner
/robassistant_2: negotiation completed. Configuration: {"goal": "navigate_to_gate (User: C, Negotiating against: H)"}. Negotiation time: 0.460 seconds. Rounds: 13. Result: loser
/robassistant_1: negotiation completed. Configuration: {"goal": "navigate_to_gate (User: H, Negotiating against: C)"}. Negotiation time: 0.460 seconds. Rounds: 13. Result: winner
/robassistant_1: negotiation completed. Configuration: {"goal": "navigate_to_gate (User: H, Negotiating against: D)"}. Negotiation time: 0.501 seconds. Rounds: 15. Result: winner
/robassistant_2: negotiation completed. Configuration: {"goal": "navigate_to_gate (User: D, Negotiating against: H)"}. Negotiation time: 0.495 seconds. Rounds: 15. Result: loser
/robassistant_1: negotiation completed. Configuration: {"goal": "navigate_to_gate (User: H, Negotiating against: E)"}. Negotiation time: 0.517 seconds. Rounds: 18. Result: winner
/robassistant_2: negotiation completed. Configuration: {"goal": "navigate_to_gate (User: E, Negotiating against: H)"}. Negotiation time: 0.458 seconds. Rounds: 18. Result: loser
/robassistant_2: negotiation completed. Configuration: {"goal": "navigate_to_gate (User: F, Negotiating against: H)"}. Negotiation time: 0.352 seconds. Rounds: 15. Result: loser
/robassistant_1: negotiation completed. Configuration: {"goal": "navigate_to_gate (User: H, Negotiating against: F)"}. Negotiation time: 0.403 seconds. Rounds: 15. Result: winner
/robassistant_2: negotiation completed. Configuration: {"goal": "navigate_to_gate (User: G, Negotiating against: H)"}. Negotiation time: 0.437 seconds. Rounds: 11. Result: loser
/robassistant_1: negotiation completed. Configuration: {"goal": "navigate_to_gate (User: H, Negotiating against: G)"}. Negotiation time: 0.515 seconds. Rounds: 11. Result: winner
/robassistant_2: negotiation completed. Configuration: {"goal": "navigate_to_gate (User: I, Negotiating against: H)"}. Negotiation time: 0.255 seconds. Rounds: 8. Result: loser
/robassistant_1: negotiation completed. Configuration: {"goal": "navigate_to_gate (User: H, Negotiating against: I)"}. Negotiation time: 0.358 seconds. Rounds: 8. Result: winner
/robassistant_1: negotiation completed. Configuration: {"goal": "navigate_to_gate (User: H, Negotiating against: J)"}. Negotiation time: 0.353 seconds. Rounds: 10. Result: winner
/robassistant_2: negotiation completed. Configuration: {"goal": "navigate_to_gate (User: J, Negotiating against: H)"}. Negotiation time: 0.310 seconds. Rounds: 10. Result: loser
/robassistant_1: negotiation completed. Configuration: {"goal": "navigate_to_gate (User: I, Negotiating against: A)"}. Negotiation time: 0.299 seconds. Rounds: 10. Result: no-agreement
/robassistant_2: negotiation completed. Configuration: {"goal": "navigate_to_gate (User: A, Negotiating against: I)"}. Negotiation time: 0.246 seconds. Rounds: 10. Result: no-agreement
/robassistant_1: negotiation completed. Configuration: {"goal": "navigate_to_gate (User: I, Negotiating against: B)"}. Negotiation time: 0.316 seconds. Rounds: 10. Result: no-agreement
/robassistant_2: negotiation completed. Configuration: {"goal": "navigate_to_gate (User: B, Negotiating against: I)"}. Negotiation time: 0.247 seconds. Rounds: 10. Result: no-agreement
/robassistant_1: negotiation completed. Configuration: {"goal": "navigate_to_gate (User: I, Negotiating against: C)"}. Negotiation time: 0.278 seconds. Rounds: 11. Result: loser
/robassistant_2: negotiation completed. Configuration: {"goal": "navigate_to_gate (User: C, Negotiating against: I)"}. Negotiation time: 0.230 seconds. Rounds: 11. Result: winner
/robassistant_1: negotiation completed. Configuration: {"goal": "navigate_to_gate (User: I, Negotiating against: D)"}. Negotiation time: 0.330 seconds. Rounds: 12. Result: loser
/robassistant_2: negotiation completed. Configuration: {"goal": "navigate_to_gate (User: D, Negotiating against: I)"}. Negotiation time: 0.286 seconds. Rounds: 12. Result: winner
/robassistant_1: negotiation completed. Configuration: {"goal": "navigate_to_gate (User: I, Negotiating against: E)"}. Negotiation time: 0.442 seconds. Rounds: 12. Result: loser
/robassistant_2: negotiation completed. Configuration: {"goal": "navigate_to_gate (User: E, Negotiating against: I)"}. Negotiation time: 0.377 seconds. Rounds: 12. Result: winner
/robassistant_2: negotiation completed. Configuration: {"goal": "navigate_to_gate (User: F, Negotiating against: I)"}. Negotiation time: 0.342 seconds. Rounds: 9. Result: winner
/robassistant_1: negotiation completed. Configuration: {"goal": "navigate_to_gate (User: I, Negotiating against: F)"}. Negotiation time: 0.400 seconds. Rounds: 9. Result: loser
/robassistant_1: negotiation completed. Configuration: {"goal": "navigate_to_gate (User: I, Negotiating against: G)"}. Negotiation time: 0.322 seconds. Rounds: 11. Result: loser
/robassistant_2: negotiation completed. Configuration: {"goal": "navigate_to_gate (User: G, Negotiating against: I)"}. Negotiation time: 0.259 seconds. Rounds: 11. Result: winner
/robassistant_2: negotiation completed. Configuration: {"goal": "navigate_to_gate (User: H, Negotiating against: I)"}. Negotiation time: 0.221 seconds. Rounds: 7. Result: winner
/robassistant_1: negotiation completed. Configuration: {"goal": "navigate_to_gate (User: I, Negotiating against: H)"}. Negotiation time: 0.280 seconds. Rounds: 7. Result: loser
/robassistant_1: negotiation completed. Configuration: {"goal": "navigate_to_gate (User: I, Negotiating against: J)"}. Negotiation time: 0.313 seconds. Rounds: 9. Result: loser
/robassistant_2: negotiation completed. Configuration: {"goal": "navigate_to_gate (User: J, Negotiating against: I)"}. Negotiation time: 0.279 seconds. Rounds: 9. Result: winner
/robassistant_1: negotiation completed. Configuration: {"goal": "navigate_to_gate (User: J, Negotiating against: A)"}. Negotiation time: 0.312 seconds. Rounds: 12. Result: no-agreement
/robassistant_2: negotiation completed. Configuration: {"goal": "navigate_to_gate (User: A, Negotiating against: J)"}. Negotiation time: 0.192 seconds. Rounds: 12. Result: no-agreement
/robassistant_2: negotiation completed. Configuration: {"goal": "navigate_to_gate (User: B, Negotiating against: J)"}. Negotiation time: 0.320 seconds. Rounds: 10. Result: loser
/robassistant_1: negotiation completed. Configuration: {"goal": "navigate_to_gate (User: J, Negotiating against: B)"}. Negotiation time: 0.392 seconds. Rounds: 10. Result: winner
/robassistant_2: negotiation completed. Configuration: {"goal": "navigate_to_gate (User: C, Negotiating against: J)"}. Negotiation time: 0.249 seconds. Rounds: 13. Result: no-agreement
/robassistant_1: negotiation completed. Configuration: {"goal": "navigate_to_gate (User: J, Negotiating against: C)"}. Negotiation time: 0.379 seconds. Rounds: 13. Result: no-agreement
/robassistant_1: negotiation completed. Configuration: {"goal": "navigate_to_gate (User: J, Negotiating against: D)"}. Negotiation time: 0.433 seconds. Rounds: 14. Result: loser
/robassistant_2: negotiation completed. Configuration: {"goal": "navigate_to_gate (User: D, Negotiating against: J)"}. Negotiation time: 0.389 seconds. Rounds: 14. Result: winner
/robassistant_1: negotiation completed. Configuration: {"goal": "navigate_to_gate (User: J, Negotiating against: E)"}. Negotiation time: 0.420 seconds. Rounds: 13. Result: loser
/robassistant_2: negotiation completed. Configuration: {"goal": "navigate_to_gate (User: E, Negotiating against: J)"}. Negotiation time: 0.353 seconds. Rounds: 13. Result: winner
/robassistant_2: negotiation completed. Configuration: {"goal": "navigate_to_gate (User: F, Negotiating against: J)"}. Negotiation time: 0.250 seconds. Rounds: 12. Result: no-agreement
/robassistant_1: negotiation completed. Configuration: {"goal": "navigate_to_gate (User: J, Negotiating against: F)"}. Negotiation time: 0.337 seconds. Rounds: 12. Result: no-agreement
/robassistant_1: negotiation completed. Configuration: {"goal": "navigate_to_gate (User: J, Negotiating against: G)"}. Negotiation time: 0.556 seconds. Rounds: 13. Result: loser
/robassistant_2: negotiation completed. Configuration: {"goal": "navigate_to_gate (User: G, Negotiating against: J)"}. Negotiation time: 0.530 seconds. Rounds: 13. Result: winner
/robassistant_1: negotiation completed. Configuration: {"goal": "navigate_to_gate (User: J, Negotiating against: H)"}. Negotiation time: 0.374 seconds. Rounds: 9. Result: loser
/robassistant_2: negotiation completed. Configuration: {"goal": "navigate_to_gate (User: H, Negotiating against: J)"}. Negotiation time: 0.320 seconds. Rounds: 9. Result: winner
/robassistant_2: negotiation completed. Configuration: {"goal": "navigate_to_gate (User: I, Negotiating against: J)"}. Negotiation time: 0.243 seconds. Rounds: 10. Result: loser
/robassistant_1: negotiation completed. Configuration: {"goal": "navigate_to_gate (User: J, Negotiating against: I)"}. Negotiation time: 0.390 seconds. Rounds: 10. Result: winner
